<?xml version="1.0" encoding="UTF-8"?>
<testsuites>
  <testsuite name="CodeIgniter Application Test Suite" tests="40" assertions="39" failures="1" errors="2" time="3.784215">
    <testsuite name="Lapangan_test" file="C:\xampp\htdocs\GIT\application\tests\controllers\Lapangan_test.php" fullPackage="Lapangan" tests="17" assertions="22" failures="1" errors="2" time="1.340168">
      <testcase name="test_index" class="Lapangan_test" file="C:\xampp\htdocs\GIT\application\tests\controllers\Lapangan_test.php" line="21" assertions="3" time="0.129129"/>
      <testcase name="test_sewajadwal" class="Lapangan_test" file="C:\xampp\htdocs\GIT\application\tests\controllers\Lapangan_test.php" line="29" assertions="0" time="0.069485"/>
      <testcase name="test_sewajadwal_gagal" class="Lapangan_test" file="C:\xampp\htdocs\GIT\application\tests\controllers\Lapangan_test.php" line="37" assertions="1" time="0.068529"/>
      <testcase name="test_detail" class="Lapangan_test" file="C:\xampp\htdocs\GIT\application\tests\controllers\Lapangan_test.php" line="43" assertions="3" time="0.074017"/>
      <testcase name="test_inputsewa" class="Lapangan_test" file="C:\xampp\htdocs\GIT\application\tests\controllers\Lapangan_test.php" line="49" assertions="3" time="0.075246"/>
      <testcase name="test_inputsewa_gagal" class="Lapangan_test" file="C:\xampp\htdocs\GIT\application\tests\controllers\Lapangan_test.php" line="57" assertions="1" time="0.068167"/>
      <testcase name="test_signup" class="Lapangan_test" file="C:\xampp\htdocs\GIT\application\tests\controllers\Lapangan_test.php" line="64" assertions="1" time="0.072952"/>
      <testcase name="test_createsewa" class="Lapangan_test" file="C:\xampp\htdocs\GIT\application\tests\controllers\Lapangan_test.php" line="74" assertions="1" time="0.123003"/>
      <testcase name="test_ceklogin" class="Lapangan_test" file="C:\xampp\htdocs\GIT\application\tests\controllers\Lapangan_test.php" line="90" assertions="1" time="0.085249"/>
      <testcase name="test_login_sukses" class="Lapangan_test" file="C:\xampp\htdocs\GIT\application\tests\controllers\Lapangan_test.php" line="100" assertions="0" time="0.065643"/>
      <testcase name="test_login_gagal" class="Lapangan_test" file="C:\xampp\htdocs\GIT\application\tests\controllers\Lapangan_test.php" line="105" assertions="3" time="0.082224"/>
      <testcase name="test_login_gagal_password" class="Lapangan_test" file="C:\xampp\htdocs\GIT\application\tests\controllers\Lapangan_test.php" line="114" assertions="1" time="0.066581"/>
      <testcase name="test_login_gagal_username" class="Lapangan_test" file="C:\xampp\htdocs\GIT\application\tests\controllers\Lapangan_test.php" line="124" assertions="1" time="0.061358"/>
      <testcase name="test_tambah_user_gagal" class="Lapangan_test" file="C:\xampp\htdocs\GIT\application\tests\controllers\Lapangan_test.php" line="134" assertions="1" time="0.054419">
        <failure type="PHPUnit_Framework_ExpectationFailedException">Lapangan_test::test_tambah_user_gagal
URL to redirect is not Redirect to http://localhost/GIT/lapangan/tambah_user but Redirect to http://localhost/GIT/lapangan/signup.
Failed asserting that two strings are identical.
--- Expected
+++ Actual
@@ @@
-Redirect to http://localhost/GIT/lapangan/tambah_user
+Redirect to http://localhost/GIT/lapangan/signup

C:\xampp\htdocs\GIT\application\tests\_ci_phpunit_test\CIPHPUnitTestCase.php:427
C:\xampp\htdocs\GIT\application\tests\controllers\Lapangan_test.php:142
</failure>
      </testcase>
      <testcase name="test_tambah_user_berhasil" class="Lapangan_test" file="C:\xampp\htdocs\GIT\application\tests\controllers\Lapangan_test.php" line="145" assertions="0" time="0.106221">
        <error type="LogicException">Lapangan_test::test_tambah_user_berhasil
LogicException: No such property: load

C:\xampp\htdocs\GIT\application\tests\_ci_phpunit_test\CIPHPUnitTestCase.php:58
C:\xampp\htdocs\GIT\application\tests\controllers\Lapangan_test.php:153
</error>
      </testcase>
      <testcase name="test_APPPATH" class="Lapangan_test" file="C:\xampp\htdocs\GIT\application\tests\controllers\Lapangan_test.php" line="169" assertions="1" time="0.036033"/>
      <testcase name="test_logout" class="Lapangan_test" file="C:\xampp\htdocs\GIT\application\tests\controllers\Lapangan_test.php" line="180" assertions="1" time="0.101913">
        <error type="LogicException">Lapangan_test::test_logout
LogicException: No such property: load

C:\xampp\htdocs\GIT\application\tests\_ci_phpunit_test\CIPHPUnitTestCase.php:58
C:\xampp\htdocs\GIT\application\tests\controllers\Lapangan_test.php:191
</error>
      </testcase>
    </testsuite>
    <testsuite name="Welcome_test" file="C:\xampp\htdocs\GIT\application\tests\controllers\Welcome_test.php" fullPackage="Welcome" tests="23" assertions="17" failures="0" errors="0" time="2.444046">
      <testcase name="test_index" class="Welcome_test" file="C:\xampp\htdocs\GIT\application\tests\controllers\Welcome_test.php" line="11" assertions="0" time="0.096432"/>
      <testcase name="test_ceklogin" class="Welcome_test" file="C:\xampp\htdocs\GIT\application\tests\controllers\Welcome_test.php" line="17" assertions="1" time="0.118190"/>
      <testcase name="test_ceklogin_admin_not_login_kosongsemua" class="Welcome_test" file="C:\xampp\htdocs\GIT\application\tests\controllers\Welcome_test.php" line="27" assertions="1" time="0.098713"/>
      <testcase name="test_ceklogin_admin_not_login_nopassword" class="Welcome_test" file="C:\xampp\htdocs\GIT\application\tests\controllers\Welcome_test.php" line="37" assertions="1" time="0.075514"/>
      <testcase name="test_ceklogin_admin_not_login_nousername" class="Welcome_test" file="C:\xampp\htdocs\GIT\application\tests\controllers\Welcome_test.php" line="47" assertions="1" time="0.110692"/>
      <testcase name="test_ceklogin_admin_not_login_unmatch" class="Welcome_test" file="C:\xampp\htdocs\GIT\application\tests\controllers\Welcome_test.php" line="57" assertions="1" time="0.078000"/>
      <testcase name="test_login" class="Welcome_test" file="C:\xampp\htdocs\GIT\application\tests\controllers\Welcome_test.php" line="67" assertions="1" time="0.130415"/>
      <testcase name="test_logout" class="Welcome_test" file="C:\xampp\htdocs\GIT\application\tests\controllers\Welcome_test.php" line="79" assertions="2" time="0.119859"/>
      <testcase name="test_inputlapangan" class="Welcome_test" file="C:\xampp\htdocs\GIT\application\tests\controllers\Welcome_test.php" line="91" assertions="1" time="0.140639"/>
      <testcase name="test_no_inputlapangan" class="Welcome_test" file="C:\xampp\htdocs\GIT\application\tests\controllers\Welcome_test.php" line="103" assertions="0" time="0.073556"/>
      <testcase name="test_dahboard" class="Welcome_test" file="C:\xampp\htdocs\GIT\application\tests\controllers\Welcome_test.php" line="108" assertions="1" time="0.140100"/>
      <testcase name="test_datapenyewaan" class="Welcome_test" file="C:\xampp\htdocs\GIT\application\tests\controllers\Welcome_test.php" line="120" assertions="1" time="0.140837"/>
      <testcase name="test_tambahlapangan" class="Welcome_test" file="C:\xampp\htdocs\GIT\application\tests\controllers\Welcome_test.php" line="132" assertions="0" time="0.070454"/>
      <testcase name="test_tambahlapangan_success" class="Welcome_test" file="C:\xampp\htdocs\GIT\application\tests\controllers\Welcome_test.php" line="137" assertions="1" time="0.125558"/>
      <testcase name="test_editData" class="Welcome_test" file="C:\xampp\htdocs\GIT\application\tests\controllers\Welcome_test.php" line="149" assertions="1" time="0.106075"/>
      <testcase name="test_datalapangan" class="Welcome_test" file="C:\xampp\htdocs\GIT\application\tests\controllers\Welcome_test.php" line="161" assertions="1" time="0.129489"/>
      <testcase name="test_not_datalapangan" class="Welcome_test" file="C:\xampp\htdocs\GIT\application\tests\controllers\Welcome_test.php" line="173" assertions="0" time="0.074359"/>
      <testcase name="test_deleteData" class="Welcome_test" file="C:\xampp\htdocs\GIT\application\tests\controllers\Welcome_test.php" line="178" assertions="1" time="0.138581"/>
      <testcase name="test_deleteDataLapangan" class="Welcome_test" file="C:\xampp\htdocs\GIT\application\tests\controllers\Welcome_test.php" line="189" assertions="0" time="0.070814"/>
      <testcase name="test_validasi" class="Welcome_test" file="C:\xampp\htdocs\GIT\application\tests\controllers\Welcome_test.php" line="193" assertions="1" time="0.133907"/>
      <testcase name="test_no_validasi" class="Welcome_test" file="C:\xampp\htdocs\GIT\application\tests\controllers\Welcome_test.php" line="204" assertions="0" time="0.088362"/>
      <testcase name="test_do_editData" class="Welcome_test" file="C:\xampp\htdocs\GIT\application\tests\controllers\Welcome_test.php" line="209" assertions="1" time="0.096971"/>
      <testcase name="test_do_editData_failed" class="Welcome_test" file="C:\xampp\htdocs\GIT\application\tests\controllers\Welcome_test.php" line="221" assertions="0" time="0.086530"/>
    </testsuite>
  </testsuite>
</testsuites>
