<?xml version="1.0" encoding="UTF-8"?>
<testsuites>
  <testsuite name="CodeIgniter Application Test Suite" tests="40" assertions="38" failures="2" errors="0" time="5.473315">
    <testsuite name="Lapangan_test" file="C:\xampp\htdocs\GIT\application\tests\controllers\Lapangan_test.php" fullPackage="Lapangan" tests="17" assertions="21" failures="0" errors="0" time="1.905470">
      <testcase name="test_index" class="Lapangan_test" file="C:\xampp\htdocs\GIT\application\tests\controllers\Lapangan_test.php" line="21" assertions="3" time="0.123328"/>
      <testcase name="test_sewajadwal" class="Lapangan_test" file="C:\xampp\htdocs\GIT\application\tests\controllers\Lapangan_test.php" line="29" assertions="0" time="0.110070"/>
      <testcase name="test_sewajadwal_gagal" class="Lapangan_test" file="C:\xampp\htdocs\GIT\application\tests\controllers\Lapangan_test.php" line="37" assertions="1" time="0.087014"/>
      <testcase name="test_detail" class="Lapangan_test" file="C:\xampp\htdocs\GIT\application\tests\controllers\Lapangan_test.php" line="43" assertions="3" time="0.110474"/>
      <testcase name="test_inputsewa" class="Lapangan_test" file="C:\xampp\htdocs\GIT\application\tests\controllers\Lapangan_test.php" line="49" assertions="3" time="0.104994"/>
      <testcase name="test_inputsewa_gagal" class="Lapangan_test" file="C:\xampp\htdocs\GIT\application\tests\controllers\Lapangan_test.php" line="57" assertions="1" time="0.122321"/>
      <testcase name="test_signup" class="Lapangan_test" file="C:\xampp\htdocs\GIT\application\tests\controllers\Lapangan_test.php" line="64" assertions="1" time="0.103122"/>
      <testcase name="test_createsewa_sukses" class="Lapangan_test" file="C:\xampp\htdocs\GIT\application\tests\controllers\Lapangan_test.php" line="74" assertions="1" time="0.166007"/>
      <testcase name="test_ceklogin" class="Lapangan_test" file="C:\xampp\htdocs\GIT\application\tests\controllers\Lapangan_test.php" line="86" assertions="1" time="0.128769"/>
      <testcase name="test_login_sukses" class="Lapangan_test" file="C:\xampp\htdocs\GIT\application\tests\controllers\Lapangan_test.php" line="96" assertions="0" time="0.086660"/>
      <testcase name="test_login_gagal" class="Lapangan_test" file="C:\xampp\htdocs\GIT\application\tests\controllers\Lapangan_test.php" line="101" assertions="3" time="0.117718"/>
      <testcase name="test_login_gagal_password" class="Lapangan_test" file="C:\xampp\htdocs\GIT\application\tests\controllers\Lapangan_test.php" line="110" assertions="1" time="0.100872"/>
      <testcase name="test_login_gagal_username" class="Lapangan_test" file="C:\xampp\htdocs\GIT\application\tests\controllers\Lapangan_test.php" line="120" assertions="1" time="0.102583"/>
      <testcase name="test_tambah_user_gagal" class="Lapangan_test" file="C:\xampp\htdocs\GIT\application\tests\controllers\Lapangan_test.php" line="130" assertions="0" time="0.114613"/>
      <testcase name="test_tambah_user_berhasil" class="Lapangan_test" file="C:\xampp\htdocs\GIT\application\tests\controllers\Lapangan_test.php" line="143" assertions="0" time="0.100200"/>
      <testcase name="test_APPPATH" class="Lapangan_test" file="C:\xampp\htdocs\GIT\application\tests\controllers\Lapangan_test.php" line="165" assertions="1" time="0.048259"/>
      <testcase name="test_logout" class="Lapangan_test" file="C:\xampp\htdocs\GIT\application\tests\controllers\Lapangan_test.php" line="176" assertions="1" time="0.178466"/>
    </testsuite>
    <testsuite name="Welcome_test" file="C:\xampp\htdocs\GIT\application\tests\controllers\Welcome_test.php" fullPackage="Welcome" tests="23" assertions="17" failures="2" errors="0" time="3.567845">
      <testcase name="test_index" class="Welcome_test" file="C:\xampp\htdocs\GIT\application\tests\controllers\Welcome_test.php" line="11" assertions="0" time="0.120640"/>
      <testcase name="test_ceklogin" class="Welcome_test" file="C:\xampp\htdocs\GIT\application\tests\controllers\Welcome_test.php" line="17" assertions="1" time="0.125947"/>
      <testcase name="test_ceklogin_admin_not_login_kosongsemua" class="Welcome_test" file="C:\xampp\htdocs\GIT\application\tests\controllers\Welcome_test.php" line="27" assertions="1" time="0.113504"/>
      <testcase name="test_ceklogin_admin_not_login_nopassword" class="Welcome_test" file="C:\xampp\htdocs\GIT\application\tests\controllers\Welcome_test.php" line="37" assertions="1" time="0.108649"/>
      <testcase name="test_ceklogin_admin_not_login_nousername" class="Welcome_test" file="C:\xampp\htdocs\GIT\application\tests\controllers\Welcome_test.php" line="47" assertions="1" time="0.128500"/>
      <testcase name="test_ceklogin_admin_not_login_unmatch" class="Welcome_test" file="C:\xampp\htdocs\GIT\application\tests\controllers\Welcome_test.php" line="57" assertions="1" time="0.109773"/>
      <testcase name="test_login" class="Welcome_test" file="C:\xampp\htdocs\GIT\application\tests\controllers\Welcome_test.php" line="67" assertions="1" time="0.175237"/>
      <testcase name="test_logout" class="Welcome_test" file="C:\xampp\htdocs\GIT\application\tests\controllers\Welcome_test.php" line="79" assertions="2" time="0.175588"/>
      <testcase name="test_inputlapangan" class="Welcome_test" file="C:\xampp\htdocs\GIT\application\tests\controllers\Welcome_test.php" line="91" assertions="1" time="0.175778"/>
      <testcase name="test_no_inputlapangan" class="Welcome_test" file="C:\xampp\htdocs\GIT\application\tests\controllers\Welcome_test.php" line="103" assertions="0" time="0.101171"/>
      <testcase name="test_dahboard" class="Welcome_test" file="C:\xampp\htdocs\GIT\application\tests\controllers\Welcome_test.php" line="108" assertions="1" time="0.189231"/>
      <testcase name="test_datapenyewaan" class="Welcome_test" file="C:\xampp\htdocs\GIT\application\tests\controllers\Welcome_test.php" line="120" assertions="1" time="0.181400"/>
      <testcase name="test_tambahlapangan" class="Welcome_test" file="C:\xampp\htdocs\GIT\application\tests\controllers\Welcome_test.php" line="132" assertions="0" time="0.110385"/>
      <testcase name="test_tambahlapangan_success" class="Welcome_test" file="C:\xampp\htdocs\GIT\application\tests\controllers\Welcome_test.php" line="137" assertions="1" time="0.164353"/>
      <testcase name="test_editData" class="Welcome_test" file="C:\xampp\htdocs\GIT\application\tests\controllers\Welcome_test.php" line="149" assertions="1" time="0.197353"/>
      <testcase name="test_datalapangan" class="Welcome_test" file="C:\xampp\htdocs\GIT\application\tests\controllers\Welcome_test.php" line="161" assertions="1" time="0.180380"/>
      <testcase name="test_not_datalapangan" class="Welcome_test" file="C:\xampp\htdocs\GIT\application\tests\controllers\Welcome_test.php" line="173" assertions="0" time="0.115343"/>
      <testcase name="test_deleteData" class="Welcome_test" file="C:\xampp\htdocs\GIT\application\tests\controllers\Welcome_test.php" line="178" assertions="1" time="0.247579">
        <failure type="PHPUnit_Framework_AssertionFailedError">Welcome_test::test_deleteData
redirect() is not called.

C:\xampp\htdocs\GIT\application\tests\_ci_phpunit_test\CIPHPUnitTestCase.php:407
C:\xampp\htdocs\GIT\application\tests\controllers\Welcome_test.php:187
</failure>
      </testcase>
      <testcase name="test_deleteDataLapangan" class="Welcome_test" file="C:\xampp\htdocs\GIT\application\tests\controllers\Welcome_test.php" line="190" assertions="0" time="0.158954">
        <failure type="PHPUnit_Framework_AssertionFailedError">Welcome_test::test_deleteDataLapangan
redirect() is not called.

C:\xampp\htdocs\GIT\application\tests\_ci_phpunit_test\CIPHPUnitTestCase.php:407
C:\xampp\htdocs\GIT\application\tests\controllers\Welcome_test.php:192
</failure>
      </testcase>
      <testcase name="test_validasi" class="Welcome_test" file="C:\xampp\htdocs\GIT\application\tests\controllers\Welcome_test.php" line="195" assertions="1" time="0.214676"/>
      <testcase name="test_no_validasi" class="Welcome_test" file="C:\xampp\htdocs\GIT\application\tests\controllers\Welcome_test.php" line="206" assertions="0" time="0.135339"/>
      <testcase name="test_do_editData" class="Welcome_test" file="C:\xampp\htdocs\GIT\application\tests\controllers\Welcome_test.php" line="211" assertions="1" time="0.212002"/>
      <testcase name="test_do_editData_failed" class="Welcome_test" file="C:\xampp\htdocs\GIT\application\tests\controllers\Welcome_test.php" line="223" assertions="0" time="0.126063"/>
    </testsuite>
  </testsuite>
</testsuites>
