<?xml version="1.0" encoding="UTF-8"?>
<testsuites>
  <testsuite name="CodeIgniter Application Test Suite" tests="34" assertions="38" failures="13" errors="4" time="4.261962">
    <testsuite name="Lapangan_test" file="C:\xampp\htdocs\GIT\application\tests\controllers\Lapangan_test.php" fullPackage="Lapangan" tests="12" assertions="20" failures="3" errors="0" time="1.115294">
      <testcase name="test_index" class="Lapangan_test" file="C:\xampp\htdocs\GIT\application\tests\controllers\Lapangan_test.php" line="21" assertions="3" time="0.123846"/>
      <testcase name="test_home" class="Lapangan_test" file="C:\xampp\htdocs\GIT\application\tests\controllers\Lapangan_test.php" line="29" assertions="1" time="0.098372">
        <failure type="PHPUnit_Framework_ExpectationFailedException">Lapangan_test::test_home
Failed asserting that 'Lapangan/home is not found' contains "&lt;meta charset="utf-8"&gt;".

C:\xampp\htdocs\GIT\application\tests\controllers\Lapangan_test.php:31
</failure>
      </testcase>
      <testcase name="test_sewajadwal" class="Lapangan_test" file="C:\xampp\htdocs\GIT\application\tests\controllers\Lapangan_test.php" line="35" assertions="3" time="0.094982"/>
      <testcase name="test_sewajadwal_gagal" class="Lapangan_test" file="C:\xampp\htdocs\GIT\application\tests\controllers\Lapangan_test.php" line="43" assertions="1" time="0.082311"/>
      <testcase name="test_detail" class="Lapangan_test" file="C:\xampp\htdocs\GIT\application\tests\controllers\Lapangan_test.php" line="49" assertions="3" time="0.103815"/>
      <testcase name="test_inputsewa" class="Lapangan_test" file="C:\xampp\htdocs\GIT\application\tests\controllers\Lapangan_test.php" line="55" assertions="3" time="0.100135"/>
      <testcase name="test_inputsewa_gagal" class="Lapangan_test" file="C:\xampp\htdocs\GIT\application\tests\controllers\Lapangan_test.php" line="63" assertions="1" time="0.083115"/>
      <testcase name="test_signup" class="Lapangan_test" file="C:\xampp\htdocs\GIT\application\tests\controllers\Lapangan_test.php" line="70" assertions="1" time="0.094599"/>
      <testcase name="test_ceklogin" class="Lapangan_test" file="C:\xampp\htdocs\GIT\application\tests\controllers\Lapangan_test.php" line="75" assertions="1" time="0.107637">
        <failure type="PHPUnit_Framework_ExpectationFailedException">Lapangan_test::test_ceklogin
Failed asserting that null matches expected 'arakhrn'.

C:\xampp\htdocs\GIT\application\tests\controllers\Lapangan_test.php:82
</failure>
      </testcase>
      <testcase name="test_ceklogin_admin_not_login" class="Lapangan_test" file="C:\xampp\htdocs\GIT\application\tests\controllers\Lapangan_test.php" line="85" assertions="1" time="0.108589">
        <failure type="PHPUnit_Framework_ExpectationFailedException">Lapangan_test::test_ceklogin_admin_not_login
URL to redirect is not Redirect to http://localhost/GIT/index.php/admin/index but Redirect to http://localhost/GIT/index.php/admin/index?fail=true.
Failed asserting that two strings are identical.
--- Expected
+++ Actual
@@ @@
-Redirect to http://localhost/GIT/index.php/admin/index
+Redirect to http://localhost/GIT/index.php/admin/index?fail=true

C:\xampp\htdocs\GIT\application\tests\_ci_phpunit_test\CIPHPUnitTestCase.php:427
C:\xampp\htdocs\GIT\application\tests\controllers\Lapangan_test.php:87
</failure>
      </testcase>
      <testcase name="test_method_404" class="Lapangan_test" file="C:\xampp\htdocs\GIT\application\tests\controllers\Lapangan_test.php" line="90" assertions="1" time="0.073429"/>
      <testcase name="test_APPPATH" class="Lapangan_test" file="C:\xampp\htdocs\GIT\application\tests\controllers\Lapangan_test.php" line="96" assertions="1" time="0.044464"/>
    </testsuite>
    <testsuite name="Welcome_test" file="C:\xampp\htdocs\GIT\application\tests\controllers\Welcome_test.php" fullPackage="Welcome" tests="22" assertions="18" failures="10" errors="4" time="3.146668">
      <testcase name="test_index" class="Welcome_test" file="C:\xampp\htdocs\GIT\application\tests\controllers\Welcome_test.php" line="19" assertions="1" time="0.123670"/>
      <testcase name="test_ceklogin" class="Welcome_test" file="C:\xampp\htdocs\GIT\application\tests\controllers\Welcome_test.php" line="25" assertions="1" time="0.134789"/>
      <testcase name="test_ceklogin_admin_not_login_kosongsemua" class="Welcome_test" file="C:\xampp\htdocs\GIT\application\tests\controllers\Welcome_test.php" line="35" assertions="1" time="0.120004">
        <failure type="PHPUnit_Framework_ExpectationFailedException">Welcome_test::test_ceklogin_admin_not_login_kosongsemua
URL to redirect is not Redirect to http://localhost/GIT/index.php/admin/index but Redirect to http://localhost/GIT/index.php/admin/index?fail=true.
Failed asserting that two strings are identical.
--- Expected
+++ Actual
@@ @@
-Redirect to http://localhost/GIT/index.php/admin/index
+Redirect to http://localhost/GIT/index.php/admin/index?fail=true

C:\xampp\htdocs\GIT\application\tests\_ci_phpunit_test\CIPHPUnitTestCase.php:427
C:\xampp\htdocs\GIT\application\tests\controllers\Welcome_test.php:37
</failure>
      </testcase>
      <testcase name="test_ceklogin_admin_not_login_nopassword" class="Welcome_test" file="C:\xampp\htdocs\GIT\application\tests\controllers\Welcome_test.php" line="40" assertions="1" time="0.119304">
        <failure type="PHPUnit_Framework_ExpectationFailedException">Welcome_test::test_ceklogin_admin_not_login_nopassword
URL to redirect is not Redirect to http://localhost/GIT/index.php/admin/index/fail but Redirect to http://localhost/GIT/index.php/admin/index?fail=true.
Failed asserting that two strings are identical.
--- Expected
+++ Actual
@@ @@
-Redirect to http://localhost/GIT/index.php/admin/index/fail
+Redirect to http://localhost/GIT/index.php/admin/index?fail=true

C:\xampp\htdocs\GIT\application\tests\_ci_phpunit_test\CIPHPUnitTestCase.php:427
C:\xampp\htdocs\GIT\application\tests\controllers\Welcome_test.php:46
</failure>
      </testcase>
      <testcase name="test_ceklogin_admin_not_login_nousername" class="Welcome_test" file="C:\xampp\htdocs\GIT\application\tests\controllers\Welcome_test.php" line="50" assertions="1" time="0.118783">
        <failure type="PHPUnit_Framework_ExpectationFailedException">Welcome_test::test_ceklogin_admin_not_login_nousername
URL to redirect is not Redirect to http://localhost/GIT/index.php/admin/index/fail but Redirect to http://localhost/GIT/index.php/admin/index?fail=true.
Failed asserting that two strings are identical.
--- Expected
+++ Actual
@@ @@
-Redirect to http://localhost/GIT/index.php/admin/index/fail
+Redirect to http://localhost/GIT/index.php/admin/index?fail=true

C:\xampp\htdocs\GIT\application\tests\_ci_phpunit_test\CIPHPUnitTestCase.php:427
C:\xampp\htdocs\GIT\application\tests\controllers\Welcome_test.php:56
</failure>
      </testcase>
      <testcase name="test_ceklogin_admin_not_login_unmatch" class="Welcome_test" file="C:\xampp\htdocs\GIT\application\tests\controllers\Welcome_test.php" line="60" assertions="1" time="0.120795">
        <failure type="PHPUnit_Framework_ExpectationFailedException">Welcome_test::test_ceklogin_admin_not_login_unmatch
URL to redirect is not Redirect to http://localhost/GIT/index.php/admin/index/fail but Redirect to http://localhost/GIT/index.php/admin/index?fail=true.
Failed asserting that two strings are identical.
--- Expected
+++ Actual
@@ @@
-Redirect to http://localhost/GIT/index.php/admin/index/fail
+Redirect to http://localhost/GIT/index.php/admin/index?fail=true

C:\xampp\htdocs\GIT\application\tests\_ci_phpunit_test\CIPHPUnitTestCase.php:427
C:\xampp\htdocs\GIT\application\tests\controllers\Welcome_test.php:66
</failure>
      </testcase>
      <testcase name="test_login" class="Welcome_test" file="C:\xampp\htdocs\GIT\application\tests\controllers\Welcome_test.php" line="70" assertions="1" time="0.125662"/>
      <testcase name="test_logout" class="Welcome_test" file="C:\xampp\htdocs\GIT\application\tests\controllers\Welcome_test.php" line="75" assertions="1" time="0.184405">
        <failure type="PHPUnit_Framework_AssertionFailedError">Welcome_test::test_logout
redirect() is not called.

C:\xampp\htdocs\GIT\application\tests\_ci_phpunit_test\CIPHPUnitTestCase.php:407
C:\xampp\htdocs\GIT\application\tests\controllers\Welcome_test.php:84
</failure>
      </testcase>
      <testcase name="test_inputlapangan" class="Welcome_test" file="C:\xampp\htdocs\GIT\application\tests\controllers\Welcome_test.php" line="87" assertions="2" time="0.188577"/>
      <testcase name="test_no_inputlapangan" class="Welcome_test" file="C:\xampp\htdocs\GIT\application\tests\controllers\Welcome_test.php" line="99" assertions="0" time="0.115952">
        <error type="PHPUnit_Framework_Exception">Welcome_test::test_no_inputlapangan
PHPUnit_Framework_Exception: Argument #2 of PHPUnit_Framework_Assert::assertContains() must be a array, iterator or string

C:\xampp\htdocs\GIT\application\tests\controllers\Welcome_test.php:101
</error>
      </testcase>
      <testcase name="test_dahboard" class="Welcome_test" file="C:\xampp\htdocs\GIT\application\tests\controllers\Welcome_test.php" line="104" assertions="1" time="0.135841"/>
      <testcase name="test_datapenyewaan" class="Welcome_test" file="C:\xampp\htdocs\GIT\application\tests\controllers\Welcome_test.php" line="109" assertions="1" time="0.158002"/>
      <testcase name="test_tambahlapangan" class="Welcome_test" file="C:\xampp\htdocs\GIT\application\tests\controllers\Welcome_test.php" line="114" assertions="1" time="0.115934">
        <failure type="PHPUnit_Framework_ExpectationFailedException">Welcome_test::test_tambahlapangan
Failed asserting that 'Array
(
    [error] =&gt; &lt;p&gt;You did not select a file to upload.&lt;/p&gt;
)
1' contains "&lt;th&gt;NO&lt;/th&gt;".

C:\xampp\htdocs\GIT\application\tests\controllers\Welcome_test.php:116
</failure>
      </testcase>
      <testcase name="test_editData" class="Welcome_test" file="C:\xampp\htdocs\GIT\application\tests\controllers\Welcome_test.php" line="119" assertions="1" time="0.145133"/>
      <testcase name="test_datalapangan" class="Welcome_test" file="C:\xampp\htdocs\GIT\application\tests\controllers\Welcome_test.php" line="124" assertions="2" time="0.186915"/>
      <testcase name="test_not_datalapangan" class="Welcome_test" file="C:\xampp\htdocs\GIT\application\tests\controllers\Welcome_test.php" line="136" assertions="0" time="0.111247">
        <error type="PHPUnit_Framework_Exception">Welcome_test::test_not_datalapangan
PHPUnit_Framework_Exception: Argument #2 of PHPUnit_Framework_Assert::assertContains() must be a array, iterator or string

C:\xampp\htdocs\GIT\application\tests\controllers\Welcome_test.php:138
</error>
      </testcase>
      <testcase name="test_deleteData" class="Welcome_test" file="C:\xampp\htdocs\GIT\application\tests\controllers\Welcome_test.php" line="141" assertions="1" time="0.238504">
        <failure type="PHPUnit_Framework_AssertionFailedError">Welcome_test::test_deleteData
redirect() is not called.

C:\xampp\htdocs\GIT\application\tests\_ci_phpunit_test\CIPHPUnitTestCase.php:407
C:\xampp\htdocs\GIT\application\tests\controllers\Welcome_test.php:150
</failure>
      </testcase>
      <testcase name="test_deleteDataLapangan" class="Welcome_test" file="C:\xampp\htdocs\GIT\application\tests\controllers\Welcome_test.php" line="153" assertions="0" time="0.135268">
        <failure type="PHPUnit_Framework_AssertionFailedError">Welcome_test::test_deleteDataLapangan
redirect() is not called.

C:\xampp\htdocs\GIT\application\tests\_ci_phpunit_test\CIPHPUnitTestCase.php:407
C:\xampp\htdocs\GIT\application\tests\controllers\Welcome_test.php:155
</failure>
      </testcase>
      <testcase name="test_validasi" class="Welcome_test" file="C:\xampp\htdocs\GIT\application\tests\controllers\Welcome_test.php" line="158" assertions="0" time="0.118872">
        <failure type="PHPUnit_Framework_AssertionFailedError">Welcome_test::test_validasi
redirect() is not called.

C:\xampp\htdocs\GIT\application\tests\_ci_phpunit_test\CIPHPUnitTestCase.php:407
C:\xampp\htdocs\GIT\application\tests\controllers\Welcome_test.php:160
</failure>
      </testcase>
      <testcase name="test_no_validasi" class="Welcome_test" file="C:\xampp\htdocs\GIT\application\tests\controllers\Welcome_test.php" line="163" assertions="0" time="0.121079">
        <failure type="PHPUnit_Framework_AssertionFailedError">Welcome_test::test_no_validasi
redirect() is not called.

C:\xampp\htdocs\GIT\application\tests\_ci_phpunit_test\CIPHPUnitTestCase.php:407
C:\xampp\htdocs\GIT\application\tests\controllers\Welcome_test.php:165
</failure>
      </testcase>
      <testcase name="test_do_editData" class="Welcome_test" file="C:\xampp\htdocs\GIT\application\tests\controllers\Welcome_test.php" line="168" assertions="1" time="0.185928">
        <error type="PHPUnit_Framework_Exception">Welcome_test::test_do_editData
PHPUnit_Framework_Exception: Argument #2 of PHPUnit_Framework_Assert::assertContains() must be a array, iterator or string

C:\xampp\htdocs\GIT\application\tests\controllers\Welcome_test.php:177
</error>
      </testcase>
      <testcase name="test_do_editData_failed" class="Welcome_test" file="C:\xampp\htdocs\GIT\application\tests\controllers\Welcome_test.php" line="180" assertions="0" time="0.142004">
        <error type="PHPUnit_Framework_Exception">Welcome_test::test_do_editData_failed
PHPUnit_Framework_Exception: Argument #2 of PHPUnit_Framework_Assert::assertContains() must be a array, iterator or string

C:\xampp\htdocs\GIT\application\tests\controllers\Welcome_test.php:182
</error>
      </testcase>
    </testsuite>
  </testsuite>
</testsuites>
