<?xml version="1.0" encoding="UTF-8"?>
<testsuites>
  <testsuite name="CodeIgniter Application Test Suite" tests="35" assertions="40" failures="13" errors="4" time="4.958096">
    <testsuite name="Lapangan_test" file="C:\xampp\htdocs\GIT\application\tests\controllers\Lapangan_test.php" fullPackage="Lapangan" tests="13" assertions="22" failures="3" errors="0" time="2.053634">
      <testcase name="test_index" class="Lapangan_test" file="C:\xampp\htdocs\GIT\application\tests\controllers\Lapangan_test.php" line="21" assertions="3" time="0.167405"/>
      <testcase name="test_home" class="Lapangan_test" file="C:\xampp\htdocs\GIT\application\tests\controllers\Lapangan_test.php" line="29" assertions="1" time="0.129851">
        <failure type="PHPUnit_Framework_ExpectationFailedException">Lapangan_test::test_home
Failed asserting that 'Lapangan/home is not found' contains "&lt;meta charset="utf-8"&gt;".

C:\xampp\htdocs\GIT\application\tests\controllers\Lapangan_test.php:31
</failure>
      </testcase>
      <testcase name="test_sewajadwal" class="Lapangan_test" file="C:\xampp\htdocs\GIT\application\tests\controllers\Lapangan_test.php" line="35" assertions="2" time="0.131358">
        <failure type="PHPUnit_Framework_ExpectationFailedException">Lapangan_test::test_sewajadwal
Failed asserting that '&lt;!DOCTYPE html&gt;
&lt;html lang="en"&gt;

  &lt;head&gt;

    &lt;meta charset="utf-8"&gt;
    &lt;meta name="viewport" content="width=device-width, initial-scale=1, shrink-to-fit=no"&gt;
    &lt;meta name="description" content="Futsal fasor ITS, tempat untuk menyewa lapangan futsal dengan cepat."&gt;
    &lt;meta name="author" content="Mohamad David | Nur laili | Aisyah paramastri"&gt;

    &lt;title&gt;Futsal Fasor ITS | sewajadwal&lt;/title&gt;

    &lt;!-- Bootstrap core CSS --&gt;
    &lt;link href="http://localhost/GIT/assets/vendor/bootstrap/css/bootstrap.min.css" rel="stylesheet"&gt;

    &lt;!-- Custom fonts for this template --&gt;
    &lt;link href="http://localhost/GIT/assets/vendor/font-awesome/css/font-awesome.min.css" rel="stylesheet" type="text/css"&gt;
    &lt;link href='https://fonts.googleapis.com/css?family=Lora:400,700,400italic,700italic' rel='stylesheet' type='text/css'&gt;
    &lt;link href='https://fonts.googleapis.com/css?family=Open+Sans:300italic,400italic,600italic,700italic,800italic,400,300,600,700,800' rel='stylesheet' type='text/css'&gt;

    &lt;!-- Custom styles for this template --&gt;
    &lt;link href="http://localhost/GIT/assets/css/clean-blog.min.css" rel="stylesheet"&gt;
    &lt;link href="http://localhost/GIT/assets/css/img.css" rel="stylesheet"&gt;
    &lt;link href="http://localhost/GIT/assets/css/bootstrap.min.css" rel="stylesheet"&gt;
    &lt;link href="http://localhost/GIT/assets/css/bootstrap.css" rel="stylesheet"&gt;
  &lt;/head&gt;

  &lt;body&gt;

    &lt;!-- Navigation --&gt;
    &lt;nav class="navbar navbar-expand-lg navbar-light fixed-top" id="mainNav"&gt;
      &lt;div class="container"&gt;
        &lt;a class="navbar-brand" href="http://localhost/GIT/"&gt;Futsal Fasor&lt;/a&gt;
        &lt;button class="navbar-toggler navbar-toggler-right" type="button" data-toggle="collapse" data-target="#navbarResponsive" aria-controls="navbarResponsive" aria-expanded="false" aria-label="Toggle navigation"&gt;
          Menu
          &lt;i class="fa fa-bars"&gt;&lt;/i&gt;
        &lt;/button&gt;
        &lt;div class="collapse navbar-collapse" id="navbarResponsive"&gt;
          &lt;ul class="navbar-nav ml-auto"&gt;
            &lt;li class="nav-item"&gt;
              &lt;a class="nav-link" href="http://localhost/GIT/lapangan/index"&gt;Home&lt;/a&gt;
            &lt;/li&gt;
            &lt;li class="nav-item"&gt;
              &lt;a class="nav-link" href="http://localhost/GIT/lapangan/sewajadwal"&gt;Sewa Jadwal&lt;/a&gt;
            &lt;/li&gt;
            &lt;li class="nav-item dropdown"&gt;
            
              &lt;a href="http://localhost/GIT/lapangan/logout" class="dropdown-toggle" data-toggle="dropdown" role="button" aria-haspopup="true" aria-expanded="false"&gt;&lt;span class="caret"&gt;&lt;/span&gt;&lt;/a&gt;
              &lt;ul class="dropdown-menu"&gt;
                &lt;li&gt;&lt;a href="http://localhost/GIT/lapangan/logout"&gt;Logout&lt;/a&gt;&lt;/li&gt;
              &lt;/ul&gt;
                          &lt;/li&gt;         
          &lt;/ul&gt;
        &lt;/div&gt;
      &lt;/div&gt;
    &lt;/nav&gt;
    &lt;!-- Page Header --&gt;
    &lt;header class="masthead" style="background-image: url('http://localhost/GIT/assets/img/futsal wall.png')"&gt;
      &lt;div class="container"&gt;
        &lt;div class="row"&gt;
          &lt;div class="col-lg-8 col-md-10 mx-auto"&gt;
            &lt;div class="site-heading"&gt;
              &lt;h1&gt;Futsal Fasor ITS&lt;/h1&gt;
              &lt;span class="subheading"&gt;Fasilitas futsal dengan berbagai macam jenis lapangan&lt;/span&gt;
            &lt;/div&gt;
          &lt;/div&gt;
        &lt;/div&gt;
      &lt;/div&gt;
    &lt;/header&gt;
&lt;div class="container"&gt;
  &lt;div class="row"&gt;
                &lt;div class="col-lg-12"&gt;
                    &lt;div class="panel panel-default"&gt;
                        &lt;div class="panel-heading"&gt;
                          Tabel Sewa Jadwal
                        &lt;/div&gt;
                        &lt;hr&gt;
                        &lt;div class="panel-body"&gt;
                        &lt;div class="table-responsive"&gt;
                            &lt;table width="100%" class="table table-striped table-bordered table-hover" id="dataTables-example"&gt;
                            &lt;thead&gt;
                                &lt;tr&gt;
                                    &lt;th&gt;No&lt;/th&gt;
                                    &lt;th&gt;Nama&lt;/th&gt;
                                    &lt;th&gt;Kategori&lt;/th&gt;
                                    &lt;th&gt;Nomer Identitas&lt;/th&gt;
                                    &lt;th&gt;Nama Lapangan&lt;/th&gt;
                                    &lt;th&gt;Tanggal Sewa&lt;/th&gt;
                                    &lt;th&gt;Jam&lt;/th&gt;
                                    &lt;th&gt;Lama Sewa&lt;/th&gt;                                    
                                    &lt;th&gt;Status&lt;/th&gt;
                                &lt;/tr&gt;
                            &lt;/thead&gt;
                            &lt;tbody&gt;
                                                           &lt;tr class="odd gradeX"&gt;
                                   &lt;td&gt;1&lt;/td&gt;
                                   &lt;td&gt;David&lt;/td&gt;
                                   &lt;td&gt;Mahasiswa&lt;/td&gt;
                                   &lt;td&gt;5215100069&lt;/td&gt;
                                   &lt;td&gt;Lapangan A&lt;/td&gt;
                                   &lt;td&gt;2017-09-13&lt;/td&gt;
                                   &lt;td&gt;14:00:00&lt;/td&gt;
                                   &lt;td&gt;1 Jam&lt;/td&gt;
                                   &lt;td&gt;&lt;a class="btn btn-success btn-outline" &gt;Dibayar&lt;/a&gt;&lt;/td&gt;
                                &lt;/tr&gt;
                                                            &lt;tr class="odd gradeX"&gt;
                                   &lt;td&gt;1508147438&lt;/td&gt;
                                   &lt;td&gt;mohamad david&lt;/td&gt;
                                   &lt;td&gt;Mahasiswa&lt;/td&gt;
                                   &lt;td&gt;12345678&lt;/td&gt;
                                   &lt;td&gt;Lapangan A&lt;/td&gt;
                                   &lt;td&gt;2017-10-10&lt;/td&gt;
                                   &lt;td&gt;15:00:00&lt;/td&gt;
                                   &lt;td&gt;1 Jam&lt;/td&gt;
                                   &lt;td&gt;&lt;a class="btn btn-success btn-outline" &gt;Dibayar&lt;/a&gt;&lt;/td&gt;
                                &lt;/tr&gt;
                                                        &lt;/tbody&gt;
                        &lt;/table&gt;
                        &lt;p class="col-md-12"&gt;
                          &lt;a class="btn btn-primary" href="http://localhost/GIT/lapangan/inputsewa"&gt;Sewa&lt;/a&gt; 
                        &lt;/p&gt;                        
                        &lt;/div&gt;
                        &lt;/div&gt;
                    &lt;/div&gt;
                &lt;/div&gt;
            &lt;/div&gt;
&lt;/div&gt;
                &lt;footer&gt;
      &lt;div class="container"&gt;
        &lt;div class="row"&gt;
          &lt;div class="col-lg-8 col-md-10 mx-auto"&gt;
            &lt;ul class="list-inline text-center"&gt;
              &lt;li class="list-inline-item"&gt;
                &lt;a href="#"&gt;
                  &lt;span class="fa-stack fa-lg"&gt;
                    &lt;i class="fa fa-circle fa-stack-2x"&gt;&lt;/i&gt;
                    &lt;i class="fa fa-twitter fa-stack-1x fa-inverse"&gt;&lt;/i&gt;
                  &lt;/span&gt;
                &lt;/a&gt;
              &lt;/li&gt;
              &lt;li class="list-inline-item"&gt;
                &lt;a href="#"&gt;
                  &lt;span class="fa-stack fa-lg"&gt;
                    &lt;i class="fa fa-circle fa-stack-2x"&gt;&lt;/i&gt;
                    &lt;i class="fa fa-facebook fa-stack-1x fa-inverse"&gt;&lt;/i&gt;
                  &lt;/span&gt;
                &lt;/a&gt;
              &lt;/li&gt;
              &lt;li class="list-inline-item"&gt;
                &lt;a href="#"&gt;
                  &lt;span class="fa-stack fa-lg"&gt;
                    &lt;i class="fa fa-circle fa-stack-2x"&gt;&lt;/i&gt;
                    &lt;i class="fa fa-github fa-stack-1x fa-inverse"&gt;&lt;/i&gt;
                  &lt;/span&gt;
                &lt;/a&gt;
              &lt;/li&gt;
            &lt;/ul&gt;
            &lt;p class="copyright text-muted"&gt;Copyright &amp;copy; laili ara david&lt;/p&gt;
          &lt;/div&gt;
        &lt;/div&gt;
      &lt;/div&gt;
    &lt;/footer&gt;

    &lt;!-- Bootstrap core JavaScript --&gt;
    &lt;script src="http://localhost/GIT/assets/vendor/jquery/jquery.min.js"&gt;&lt;/script&gt;
    &lt;script src="http://localhost/GIT/assets/vendor/popper/popper.min.js"&gt;&lt;/script&gt;
    &lt;script src="http://localhost/GIT/assets/vendor/bootstrap/js/bootstrap.min.js"&gt;&lt;/script&gt;

    &lt;!-- Custom scripts for this template --&gt;
    &lt;script src="http://localhost/GIT/assets/js/clean-blog.min.js"&gt;&lt;/script&gt;
  &lt;/body&gt;

&lt;/html&gt;
' contains "&lt;td&gt;Ibu risma&lt;/td&gt;".

C:\xampp\htdocs\GIT\application\tests\controllers\Lapangan_test.php:40
</failure>
      </testcase>
      <testcase name="test_sewajadwal_gagal" class="Lapangan_test" file="C:\xampp\htdocs\GIT\application\tests\controllers\Lapangan_test.php" line="43" assertions="1" time="0.192661"/>
      <testcase name="test_detail" class="Lapangan_test" file="C:\xampp\htdocs\GIT\application\tests\controllers\Lapangan_test.php" line="49" assertions="3" time="0.118355"/>
      <testcase name="test_inputsewa" class="Lapangan_test" file="C:\xampp\htdocs\GIT\application\tests\controllers\Lapangan_test.php" line="55" assertions="3" time="0.184613"/>
      <testcase name="test_inputsewa_gagal" class="Lapangan_test" file="C:\xampp\htdocs\GIT\application\tests\controllers\Lapangan_test.php" line="63" assertions="1" time="0.165341"/>
      <testcase name="test_signup" class="Lapangan_test" file="C:\xampp\htdocs\GIT\application\tests\controllers\Lapangan_test.php" line="70" assertions="1" time="0.121160"/>
      <testcase name="test_ceklogin" class="Lapangan_test" file="C:\xampp\htdocs\GIT\application\tests\controllers\Lapangan_test.php" line="75" assertions="1" time="0.561580">
        <failure type="PHPUnit_Framework_ExpectationFailedException">Lapangan_test::test_ceklogin
Failed asserting that null matches expected 'arakhrn'.

C:\xampp\htdocs\GIT\application\tests\controllers\Lapangan_test.php:82
</failure>
      </testcase>
      <testcase name="test_login_sukses" class="Lapangan_test" file="C:\xampp\htdocs\GIT\application\tests\controllers\Lapangan_test.php" line="85" assertions="1" time="0.073830"/>
      <testcase name="test_login_gagal" class="Lapangan_test" file="C:\xampp\htdocs\GIT\application\tests\controllers\Lapangan_test.php" line="91" assertions="3" time="0.094813"/>
      <testcase name="test_method_404" class="Lapangan_test" file="C:\xampp\htdocs\GIT\application\tests\controllers\Lapangan_test.php" line="100" assertions="1" time="0.073563"/>
      <testcase name="test_APPPATH" class="Lapangan_test" file="C:\xampp\htdocs\GIT\application\tests\controllers\Lapangan_test.php" line="106" assertions="1" time="0.039104"/>
    </testsuite>
    <testsuite name="Welcome_test" file="C:\xampp\htdocs\GIT\application\tests\controllers\Welcome_test.php" fullPackage="Welcome" tests="22" assertions="18" failures="10" errors="4" time="2.904462">
      <testcase name="test_index" class="Welcome_test" file="C:\xampp\htdocs\GIT\application\tests\controllers\Welcome_test.php" line="19" assertions="1" time="0.111924"/>
      <testcase name="test_ceklogin" class="Welcome_test" file="C:\xampp\htdocs\GIT\application\tests\controllers\Welcome_test.php" line="25" assertions="1" time="0.145716"/>
      <testcase name="test_ceklogin_admin_not_login_kosongsemua" class="Welcome_test" file="C:\xampp\htdocs\GIT\application\tests\controllers\Welcome_test.php" line="35" assertions="1" time="0.107609">
        <failure type="PHPUnit_Framework_ExpectationFailedException">Welcome_test::test_ceklogin_admin_not_login_kosongsemua
URL to redirect is not Redirect to http://localhost/GIT/index.php/admin/index but Redirect to http://localhost/GIT/index.php/admin/index?fail=true.
Failed asserting that two strings are identical.
--- Expected
+++ Actual
@@ @@
-Redirect to http://localhost/GIT/index.php/admin/index
+Redirect to http://localhost/GIT/index.php/admin/index?fail=true

C:\xampp\htdocs\GIT\application\tests\_ci_phpunit_test\CIPHPUnitTestCase.php:427
C:\xampp\htdocs\GIT\application\tests\controllers\Welcome_test.php:37
</failure>
      </testcase>
      <testcase name="test_ceklogin_admin_not_login_nopassword" class="Welcome_test" file="C:\xampp\htdocs\GIT\application\tests\controllers\Welcome_test.php" line="40" assertions="1" time="0.103761">
        <failure type="PHPUnit_Framework_ExpectationFailedException">Welcome_test::test_ceklogin_admin_not_login_nopassword
URL to redirect is not Redirect to http://localhost/GIT/index.php/admin/index/fail but Redirect to http://localhost/GIT/index.php/admin/index?fail=true.
Failed asserting that two strings are identical.
--- Expected
+++ Actual
@@ @@
-Redirect to http://localhost/GIT/index.php/admin/index/fail
+Redirect to http://localhost/GIT/index.php/admin/index?fail=true

C:\xampp\htdocs\GIT\application\tests\_ci_phpunit_test\CIPHPUnitTestCase.php:427
C:\xampp\htdocs\GIT\application\tests\controllers\Welcome_test.php:46
</failure>
      </testcase>
      <testcase name="test_ceklogin_admin_not_login_nousername" class="Welcome_test" file="C:\xampp\htdocs\GIT\application\tests\controllers\Welcome_test.php" line="50" assertions="1" time="0.115551">
        <failure type="PHPUnit_Framework_ExpectationFailedException">Welcome_test::test_ceklogin_admin_not_login_nousername
URL to redirect is not Redirect to http://localhost/GIT/index.php/admin/index/fail but Redirect to http://localhost/GIT/index.php/admin/index?fail=true.
Failed asserting that two strings are identical.
--- Expected
+++ Actual
@@ @@
-Redirect to http://localhost/GIT/index.php/admin/index/fail
+Redirect to http://localhost/GIT/index.php/admin/index?fail=true

C:\xampp\htdocs\GIT\application\tests\_ci_phpunit_test\CIPHPUnitTestCase.php:427
C:\xampp\htdocs\GIT\application\tests\controllers\Welcome_test.php:56
</failure>
      </testcase>
      <testcase name="test_ceklogin_admin_not_login_unmatch" class="Welcome_test" file="C:\xampp\htdocs\GIT\application\tests\controllers\Welcome_test.php" line="60" assertions="1" time="0.107056">
        <failure type="PHPUnit_Framework_ExpectationFailedException">Welcome_test::test_ceklogin_admin_not_login_unmatch
URL to redirect is not Redirect to http://localhost/GIT/index.php/admin/index/fail but Redirect to http://localhost/GIT/index.php/admin/index?fail=true.
Failed asserting that two strings are identical.
--- Expected
+++ Actual
@@ @@
-Redirect to http://localhost/GIT/index.php/admin/index/fail
+Redirect to http://localhost/GIT/index.php/admin/index?fail=true

C:\xampp\htdocs\GIT\application\tests\_ci_phpunit_test\CIPHPUnitTestCase.php:427
C:\xampp\htdocs\GIT\application\tests\controllers\Welcome_test.php:66
</failure>
      </testcase>
      <testcase name="test_login" class="Welcome_test" file="C:\xampp\htdocs\GIT\application\tests\controllers\Welcome_test.php" line="70" assertions="1" time="0.115899"/>
      <testcase name="test_logout" class="Welcome_test" file="C:\xampp\htdocs\GIT\application\tests\controllers\Welcome_test.php" line="75" assertions="1" time="0.198884">
        <failure type="PHPUnit_Framework_AssertionFailedError">Welcome_test::test_logout
redirect() is not called.

C:\xampp\htdocs\GIT\application\tests\_ci_phpunit_test\CIPHPUnitTestCase.php:407
C:\xampp\htdocs\GIT\application\tests\controllers\Welcome_test.php:84
</failure>
      </testcase>
      <testcase name="test_inputlapangan" class="Welcome_test" file="C:\xampp\htdocs\GIT\application\tests\controllers\Welcome_test.php" line="87" assertions="2" time="0.164778"/>
      <testcase name="test_no_inputlapangan" class="Welcome_test" file="C:\xampp\htdocs\GIT\application\tests\controllers\Welcome_test.php" line="99" assertions="0" time="0.096676">
        <error type="PHPUnit_Framework_Exception">Welcome_test::test_no_inputlapangan
PHPUnit_Framework_Exception: Argument #2 of PHPUnit_Framework_Assert::assertContains() must be a array, iterator or string

C:\xampp\htdocs\GIT\application\tests\controllers\Welcome_test.php:101
</error>
      </testcase>
      <testcase name="test_dahboard" class="Welcome_test" file="C:\xampp\htdocs\GIT\application\tests\controllers\Welcome_test.php" line="104" assertions="1" time="0.123273"/>
      <testcase name="test_datapenyewaan" class="Welcome_test" file="C:\xampp\htdocs\GIT\application\tests\controllers\Welcome_test.php" line="109" assertions="1" time="0.115478"/>
      <testcase name="test_tambahlapangan" class="Welcome_test" file="C:\xampp\htdocs\GIT\application\tests\controllers\Welcome_test.php" line="114" assertions="1" time="0.131863">
        <failure type="PHPUnit_Framework_ExpectationFailedException">Welcome_test::test_tambahlapangan
Failed asserting that 'Array
(
    [error] =&gt; &lt;p&gt;You did not select a file to upload.&lt;/p&gt;
)
1' contains "&lt;th&gt;NO&lt;/th&gt;".

C:\xampp\htdocs\GIT\application\tests\controllers\Welcome_test.php:116
</failure>
      </testcase>
      <testcase name="test_editData" class="Welcome_test" file="C:\xampp\htdocs\GIT\application\tests\controllers\Welcome_test.php" line="119" assertions="1" time="0.143559"/>
      <testcase name="test_datalapangan" class="Welcome_test" file="C:\xampp\htdocs\GIT\application\tests\controllers\Welcome_test.php" line="124" assertions="2" time="0.170868"/>
      <testcase name="test_not_datalapangan" class="Welcome_test" file="C:\xampp\htdocs\GIT\application\tests\controllers\Welcome_test.php" line="136" assertions="0" time="0.107101">
        <error type="PHPUnit_Framework_Exception">Welcome_test::test_not_datalapangan
PHPUnit_Framework_Exception: Argument #2 of PHPUnit_Framework_Assert::assertContains() must be a array, iterator or string

C:\xampp\htdocs\GIT\application\tests\controllers\Welcome_test.php:138
</error>
      </testcase>
      <testcase name="test_deleteData" class="Welcome_test" file="C:\xampp\htdocs\GIT\application\tests\controllers\Welcome_test.php" line="141" assertions="1" time="0.190770">
        <failure type="PHPUnit_Framework_AssertionFailedError">Welcome_test::test_deleteData
redirect() is not called.

C:\xampp\htdocs\GIT\application\tests\_ci_phpunit_test\CIPHPUnitTestCase.php:407
C:\xampp\htdocs\GIT\application\tests\controllers\Welcome_test.php:150
</failure>
      </testcase>
      <testcase name="test_deleteDataLapangan" class="Welcome_test" file="C:\xampp\htdocs\GIT\application\tests\controllers\Welcome_test.php" line="153" assertions="0" time="0.125691">
        <failure type="PHPUnit_Framework_AssertionFailedError">Welcome_test::test_deleteDataLapangan
redirect() is not called.

C:\xampp\htdocs\GIT\application\tests\_ci_phpunit_test\CIPHPUnitTestCase.php:407
C:\xampp\htdocs\GIT\application\tests\controllers\Welcome_test.php:155
</failure>
      </testcase>
      <testcase name="test_validasi" class="Welcome_test" file="C:\xampp\htdocs\GIT\application\tests\controllers\Welcome_test.php" line="158" assertions="0" time="0.110525">
        <failure type="PHPUnit_Framework_AssertionFailedError">Welcome_test::test_validasi
redirect() is not called.

C:\xampp\htdocs\GIT\application\tests\_ci_phpunit_test\CIPHPUnitTestCase.php:407
C:\xampp\htdocs\GIT\application\tests\controllers\Welcome_test.php:160
</failure>
      </testcase>
      <testcase name="test_no_validasi" class="Welcome_test" file="C:\xampp\htdocs\GIT\application\tests\controllers\Welcome_test.php" line="163" assertions="0" time="0.117296">
        <failure type="PHPUnit_Framework_AssertionFailedError">Welcome_test::test_no_validasi
redirect() is not called.

C:\xampp\htdocs\GIT\application\tests\_ci_phpunit_test\CIPHPUnitTestCase.php:407
C:\xampp\htdocs\GIT\application\tests\controllers\Welcome_test.php:165
</failure>
      </testcase>
      <testcase name="test_do_editData" class="Welcome_test" file="C:\xampp\htdocs\GIT\application\tests\controllers\Welcome_test.php" line="168" assertions="1" time="0.178111">
        <error type="PHPUnit_Framework_Exception">Welcome_test::test_do_editData
PHPUnit_Framework_Exception: Argument #2 of PHPUnit_Framework_Assert::assertContains() must be a array, iterator or string

C:\xampp\htdocs\GIT\application\tests\controllers\Welcome_test.php:177
</error>
      </testcase>
      <testcase name="test_do_editData_failed" class="Welcome_test" file="C:\xampp\htdocs\GIT\application\tests\controllers\Welcome_test.php" line="180" assertions="0" time="0.122073">
        <error type="PHPUnit_Framework_Exception">Welcome_test::test_do_editData_failed
PHPUnit_Framework_Exception: Argument #2 of PHPUnit_Framework_Assert::assertContains() must be a array, iterator or string

C:\xampp\htdocs\GIT\application\tests\controllers\Welcome_test.php:182
</error>
      </testcase>
    </testsuite>
  </testsuite>
</testsuites>
