<?xml version="1.0" encoding="UTF-8"?>
<testsuites>
  <testsuite name="CodeIgniter Application Test Suite" tests="37" assertions="42" failures="13" errors="4" time="4.147298">
    <testsuite name="Lapangan_test" file="C:\xampp\htdocs\GIT\application\tests\controllers\Lapangan_test.php" fullPackage="Lapangan" tests="15" assertions="24" failures="3" errors="0" time="1.417567">
      <testcase name="test_index" class="Lapangan_test" file="C:\xampp\htdocs\GIT\application\tests\controllers\Lapangan_test.php" line="21" assertions="3" time="0.064996"/>
      <testcase name="test_sewajadwal" class="Lapangan_test" file="C:\xampp\htdocs\GIT\application\tests\controllers\Lapangan_test.php" line="29" assertions="3" time="0.073768"/>
      <testcase name="test_sewajadwal_gagal" class="Lapangan_test" file="C:\xampp\htdocs\GIT\application\tests\controllers\Lapangan_test.php" line="37" assertions="1" time="0.067446"/>
      <testcase name="test_detail" class="Lapangan_test" file="C:\xampp\htdocs\GIT\application\tests\controllers\Lapangan_test.php" line="43" assertions="3" time="0.210456"/>
      <testcase name="test_inputsewa" class="Lapangan_test" file="C:\xampp\htdocs\GIT\application\tests\controllers\Lapangan_test.php" line="49" assertions="3" time="0.064462"/>
      <testcase name="test_inputsewa_gagal" class="Lapangan_test" file="C:\xampp\htdocs\GIT\application\tests\controllers\Lapangan_test.php" line="57" assertions="1" time="0.061287"/>
      <testcase name="test_signup" class="Lapangan_test" file="C:\xampp\htdocs\GIT\application\tests\controllers\Lapangan_test.php" line="64" assertions="1" time="0.066364"/>
      <testcase name="test_ceklogin" class="Lapangan_test" file="C:\xampp\htdocs\GIT\application\tests\controllers\Lapangan_test.php" line="69" assertions="1" time="0.157111"/>
      <testcase name="test_login_sukses" class="Lapangan_test" file="C:\xampp\htdocs\GIT\application\tests\controllers\Lapangan_test.php" line="79" assertions="0" time="0.075393">
        <failure type="PHPUnit_Framework_AssertionFailedError">Lapangan_test::test_login_sukses
redirect() is not called.

C:\xampp\htdocs\GIT\application\tests\_ci_phpunit_test\CIPHPUnitTestCase.php:407
C:\xampp\htdocs\GIT\application\tests\controllers\Lapangan_test.php:83
</failure>
      </testcase>
      <testcase name="test_login_gagal" class="Lapangan_test" file="C:\xampp\htdocs\GIT\application\tests\controllers\Lapangan_test.php" line="85" assertions="3" time="0.071781"/>
      <testcase name="test_login_gagal_password" class="Lapangan_test" file="C:\xampp\htdocs\GIT\application\tests\controllers\Lapangan_test.php" line="94" assertions="1" time="0.080677">
        <failure type="PHPUnit_Framework_ExpectationFailedException">Lapangan_test::test_login_gagal_password
URL to redirect is not Redirect to http://localhost/GIT/index.php/lapangan/index/fail but Redirect to http://localhost/GIT/lapangan/login.
Failed asserting that two strings are identical.
--- Expected
+++ Actual
@@ @@
-Redirect to http://localhost/GIT/index.php/lapangan/index/fail
+Redirect to http://localhost/GIT/lapangan/login

C:\xampp\htdocs\GIT\application\tests\_ci_phpunit_test\CIPHPUnitTestCase.php:427
C:\xampp\htdocs\GIT\application\tests\controllers\Lapangan_test.php:100
</failure>
      </testcase>
      <testcase name="test_login_gagal_username" class="Lapangan_test" file="C:\xampp\htdocs\GIT\application\tests\controllers\Lapangan_test.php" line="104" assertions="1" time="0.136496">
        <failure type="PHPUnit_Framework_ExpectationFailedException">Lapangan_test::test_login_gagal_username
URL to redirect is not Redirect to http://localhost/GIT/index.php/lapangan/index/fail but Redirect to http://localhost/GIT/lapangan/login.
Failed asserting that two strings are identical.
--- Expected
+++ Actual
@@ @@
-Redirect to http://localhost/GIT/index.php/lapangan/index/fail
+Redirect to http://localhost/GIT/lapangan/login

C:\xampp\htdocs\GIT\application\tests\_ci_phpunit_test\CIPHPUnitTestCase.php:427
C:\xampp\htdocs\GIT\application\tests\controllers\Lapangan_test.php:110
</failure>
      </testcase>
      <testcase name="test_method_404" class="Lapangan_test" file="C:\xampp\htdocs\GIT\application\tests\controllers\Lapangan_test.php" line="120" assertions="1" time="0.056148"/>
      <testcase name="test_APPPATH" class="Lapangan_test" file="C:\xampp\htdocs\GIT\application\tests\controllers\Lapangan_test.php" line="126" assertions="1" time="0.023908"/>
      <testcase name="test_logout" class="Lapangan_test" file="C:\xampp\htdocs\GIT\application\tests\controllers\Lapangan_test.php" line="137" assertions="1" time="0.207274"/>
    </testsuite>
    <testsuite name="Welcome_test" file="C:\xampp\htdocs\GIT\application\tests\controllers\Welcome_test.php" fullPackage="Welcome" tests="22" assertions="18" failures="10" errors="4" time="2.729731">
      <testcase name="test_index" class="Welcome_test" file="C:\xampp\htdocs\GIT\application\tests\controllers\Welcome_test.php" line="19" assertions="1" time="0.117402"/>
      <testcase name="test_ceklogin" class="Welcome_test" file="C:\xampp\htdocs\GIT\application\tests\controllers\Welcome_test.php" line="25" assertions="1" time="0.078145"/>
      <testcase name="test_ceklogin_admin_not_login_kosongsemua" class="Welcome_test" file="C:\xampp\htdocs\GIT\application\tests\controllers\Welcome_test.php" line="35" assertions="1" time="0.093063">
        <failure type="PHPUnit_Framework_ExpectationFailedException">Welcome_test::test_ceklogin_admin_not_login_kosongsemua
URL to redirect is not Redirect to http://localhost/GIT/index.php/admin/index but Redirect to http://localhost/GIT/index.php/admin/index?fail=true.
Failed asserting that two strings are identical.
--- Expected
+++ Actual
@@ @@
-Redirect to http://localhost/GIT/index.php/admin/index
+Redirect to http://localhost/GIT/index.php/admin/index?fail=true

C:\xampp\htdocs\GIT\application\tests\_ci_phpunit_test\CIPHPUnitTestCase.php:427
C:\xampp\htdocs\GIT\application\tests\controllers\Welcome_test.php:37
</failure>
      </testcase>
      <testcase name="test_ceklogin_admin_not_login_nopassword" class="Welcome_test" file="C:\xampp\htdocs\GIT\application\tests\controllers\Welcome_test.php" line="40" assertions="1" time="0.066447">
        <failure type="PHPUnit_Framework_ExpectationFailedException">Welcome_test::test_ceklogin_admin_not_login_nopassword
URL to redirect is not Redirect to http://localhost/GIT/index.php/admin/index/fail but Redirect to http://localhost/GIT/index.php/admin/index?fail=true.
Failed asserting that two strings are identical.
--- Expected
+++ Actual
@@ @@
-Redirect to http://localhost/GIT/index.php/admin/index/fail
+Redirect to http://localhost/GIT/index.php/admin/index?fail=true

C:\xampp\htdocs\GIT\application\tests\_ci_phpunit_test\CIPHPUnitTestCase.php:427
C:\xampp\htdocs\GIT\application\tests\controllers\Welcome_test.php:46
</failure>
      </testcase>
      <testcase name="test_ceklogin_admin_not_login_nousername" class="Welcome_test" file="C:\xampp\htdocs\GIT\application\tests\controllers\Welcome_test.php" line="50" assertions="1" time="0.098152">
        <failure type="PHPUnit_Framework_ExpectationFailedException">Welcome_test::test_ceklogin_admin_not_login_nousername
URL to redirect is not Redirect to http://localhost/GIT/index.php/admin/index/fail but Redirect to http://localhost/GIT/index.php/admin/index?fail=true.
Failed asserting that two strings are identical.
--- Expected
+++ Actual
@@ @@
-Redirect to http://localhost/GIT/index.php/admin/index/fail
+Redirect to http://localhost/GIT/index.php/admin/index?fail=true

C:\xampp\htdocs\GIT\application\tests\_ci_phpunit_test\CIPHPUnitTestCase.php:427
C:\xampp\htdocs\GIT\application\tests\controllers\Welcome_test.php:56
</failure>
      </testcase>
      <testcase name="test_ceklogin_admin_not_login_unmatch" class="Welcome_test" file="C:\xampp\htdocs\GIT\application\tests\controllers\Welcome_test.php" line="60" assertions="1" time="0.069009">
        <failure type="PHPUnit_Framework_ExpectationFailedException">Welcome_test::test_ceklogin_admin_not_login_unmatch
URL to redirect is not Redirect to http://localhost/GIT/index.php/admin/index/fail but Redirect to http://localhost/GIT/index.php/admin/index?fail=true.
Failed asserting that two strings are identical.
--- Expected
+++ Actual
@@ @@
-Redirect to http://localhost/GIT/index.php/admin/index/fail
+Redirect to http://localhost/GIT/index.php/admin/index?fail=true

C:\xampp\htdocs\GIT\application\tests\_ci_phpunit_test\CIPHPUnitTestCase.php:427
C:\xampp\htdocs\GIT\application\tests\controllers\Welcome_test.php:66
</failure>
      </testcase>
      <testcase name="test_login" class="Welcome_test" file="C:\xampp\htdocs\GIT\application\tests\controllers\Welcome_test.php" line="70" assertions="1" time="0.083661"/>
      <testcase name="test_logout" class="Welcome_test" file="C:\xampp\htdocs\GIT\application\tests\controllers\Welcome_test.php" line="75" assertions="1" time="0.176607">
        <failure type="PHPUnit_Framework_AssertionFailedError">Welcome_test::test_logout
redirect() is not called.

C:\xampp\htdocs\GIT\application\tests\_ci_phpunit_test\CIPHPUnitTestCase.php:407
C:\xampp\htdocs\GIT\application\tests\controllers\Welcome_test.php:84
</failure>
      </testcase>
      <testcase name="test_inputlapangan" class="Welcome_test" file="C:\xampp\htdocs\GIT\application\tests\controllers\Welcome_test.php" line="87" assertions="2" time="0.118050"/>
      <testcase name="test_no_inputlapangan" class="Welcome_test" file="C:\xampp\htdocs\GIT\application\tests\controllers\Welcome_test.php" line="99" assertions="0" time="0.091364">
        <error type="PHPUnit_Framework_Exception">Welcome_test::test_no_inputlapangan
PHPUnit_Framework_Exception: Argument #2 of PHPUnit_Framework_Assert::assertContains() must be a array, iterator or string

C:\xampp\htdocs\GIT\application\tests\controllers\Welcome_test.php:101
</error>
      </testcase>
      <testcase name="test_dahboard" class="Welcome_test" file="C:\xampp\htdocs\GIT\application\tests\controllers\Welcome_test.php" line="104" assertions="1" time="0.113035"/>
      <testcase name="test_datapenyewaan" class="Welcome_test" file="C:\xampp\htdocs\GIT\application\tests\controllers\Welcome_test.php" line="109" assertions="1" time="0.106974"/>
      <testcase name="test_tambahlapangan" class="Welcome_test" file="C:\xampp\htdocs\GIT\application\tests\controllers\Welcome_test.php" line="114" assertions="1" time="0.113744">
        <failure type="PHPUnit_Framework_ExpectationFailedException">Welcome_test::test_tambahlapangan
Failed asserting that 'Array
(
    [error] =&gt; &lt;p&gt;You did not select a file to upload.&lt;/p&gt;
)
1' contains "&lt;th&gt;NO&lt;/th&gt;".

C:\xampp\htdocs\GIT\application\tests\controllers\Welcome_test.php:116
</failure>
      </testcase>
      <testcase name="test_editData" class="Welcome_test" file="C:\xampp\htdocs\GIT\application\tests\controllers\Welcome_test.php" line="119" assertions="1" time="0.378765"/>
      <testcase name="test_datalapangan" class="Welcome_test" file="C:\xampp\htdocs\GIT\application\tests\controllers\Welcome_test.php" line="124" assertions="2" time="0.138972"/>
      <testcase name="test_not_datalapangan" class="Welcome_test" file="C:\xampp\htdocs\GIT\application\tests\controllers\Welcome_test.php" line="136" assertions="0" time="0.076057">
        <error type="PHPUnit_Framework_Exception">Welcome_test::test_not_datalapangan
PHPUnit_Framework_Exception: Argument #2 of PHPUnit_Framework_Assert::assertContains() must be a array, iterator or string

C:\xampp\htdocs\GIT\application\tests\controllers\Welcome_test.php:138
</error>
      </testcase>
      <testcase name="test_deleteData" class="Welcome_test" file="C:\xampp\htdocs\GIT\application\tests\controllers\Welcome_test.php" line="141" assertions="1" time="0.162815">
        <failure type="PHPUnit_Framework_AssertionFailedError">Welcome_test::test_deleteData
redirect() is not called.

C:\xampp\htdocs\GIT\application\tests\_ci_phpunit_test\CIPHPUnitTestCase.php:407
C:\xampp\htdocs\GIT\application\tests\controllers\Welcome_test.php:150
</failure>
      </testcase>
      <testcase name="test_deleteDataLapangan" class="Welcome_test" file="C:\xampp\htdocs\GIT\application\tests\controllers\Welcome_test.php" line="153" assertions="0" time="0.156973">
        <failure type="PHPUnit_Framework_AssertionFailedError">Welcome_test::test_deleteDataLapangan
redirect() is not called.

C:\xampp\htdocs\GIT\application\tests\_ci_phpunit_test\CIPHPUnitTestCase.php:407
C:\xampp\htdocs\GIT\application\tests\controllers\Welcome_test.php:155
</failure>
      </testcase>
      <testcase name="test_validasi" class="Welcome_test" file="C:\xampp\htdocs\GIT\application\tests\controllers\Welcome_test.php" line="158" assertions="0" time="0.081027">
        <failure type="PHPUnit_Framework_AssertionFailedError">Welcome_test::test_validasi
redirect() is not called.

C:\xampp\htdocs\GIT\application\tests\_ci_phpunit_test\CIPHPUnitTestCase.php:407
C:\xampp\htdocs\GIT\application\tests\controllers\Welcome_test.php:160
</failure>
      </testcase>
      <testcase name="test_no_validasi" class="Welcome_test" file="C:\xampp\htdocs\GIT\application\tests\controllers\Welcome_test.php" line="163" assertions="0" time="0.115889">
        <failure type="PHPUnit_Framework_AssertionFailedError">Welcome_test::test_no_validasi
redirect() is not called.

C:\xampp\htdocs\GIT\application\tests\_ci_phpunit_test\CIPHPUnitTestCase.php:407
C:\xampp\htdocs\GIT\application\tests\controllers\Welcome_test.php:165
</failure>
      </testcase>
      <testcase name="test_do_editData" class="Welcome_test" file="C:\xampp\htdocs\GIT\application\tests\controllers\Welcome_test.php" line="168" assertions="1" time="0.155077">
        <error type="PHPUnit_Framework_Exception">Welcome_test::test_do_editData
PHPUnit_Framework_Exception: Argument #2 of PHPUnit_Framework_Assert::assertContains() must be a array, iterator or string

C:\xampp\htdocs\GIT\application\tests\controllers\Welcome_test.php:177
</error>
      </testcase>
      <testcase name="test_do_editData_failed" class="Welcome_test" file="C:\xampp\htdocs\GIT\application\tests\controllers\Welcome_test.php" line="180" assertions="0" time="0.138503">
        <error type="PHPUnit_Framework_Exception">Welcome_test::test_do_editData_failed
PHPUnit_Framework_Exception: Argument #2 of PHPUnit_Framework_Assert::assertContains() must be a array, iterator or string

C:\xampp\htdocs\GIT\application\tests\controllers\Welcome_test.php:182
</error>
      </testcase>
    </testsuite>
  </testsuite>
</testsuites>
