<?xml version="1.0" encoding="UTF-8"?>
<testsuites>
  <testsuite name="CodeIgniter Application Test Suite" tests="11" assertions="12" failures="0" errors="1" time="1.449026">
    <testsuite name="Welcome_test" file="C:\xampp\htdocs\GIT\application\tests\controllers\Welcome_test.php" fullPackage="Welcome" tests="11" assertions="12" failures="0" errors="1" time="1.449026">
      <testcase name="test_index" class="Welcome_test" file="C:\xampp\htdocs\GIT\application\tests\controllers\Welcome_test.php" line="19" assertions="1" time="0.125569"/>
      <testcase name="test_ceklogin" class="Welcome_test" file="C:\xampp\htdocs\GIT\application\tests\controllers\Welcome_test.php" line="25" assertions="1" time="0.137139"/>
      <testcase name="test_ceklogin_admin_not_login" class="Welcome_test" file="C:\xampp\htdocs\GIT\application\tests\controllers\Welcome_test.php" line="35" assertions="1" time="0.159417"/>
      <testcase name="test_login" class="Welcome_test" file="C:\xampp\htdocs\GIT\application\tests\controllers\Welcome_test.php" line="40" assertions="1" time="0.113473"/>
      <testcase name="test_logout" class="Welcome_test" file="C:\xampp\htdocs\GIT\application\tests\controllers\Welcome_test.php" line="45" assertions="2" time="0.145365"/>
      <testcase name="test_inputlapangan" class="Welcome_test" file="C:\xampp\htdocs\GIT\application\tests\controllers\Welcome_test.php" line="57" assertions="2" time="0.165597"/>
      <testcase name="test_not_inputlapangan" class="Welcome_test" file="C:\xampp\htdocs\GIT\application\tests\controllers\Welcome_test.php" line="69" assertions="0" time="0.100425">
        <error type="PHPUnit_Framework_Exception">Welcome_test::test_not_inputlapangan
PHPUnit_Framework_Exception: Argument #2 of PHPUnit_Framework_Assert::assertContains() must be a array, iterator or string

C:\xampp\htdocs\GIT\application\tests\controllers\Welcome_test.php:71
</error>
      </testcase>
      <testcase name="test_dahboard" class="Welcome_test" file="C:\xampp\htdocs\GIT\application\tests\controllers\Welcome_test.php" line="74" assertions="1" time="0.122800"/>
      <testcase name="test_datapenyewaan" class="Welcome_test" file="C:\xampp\htdocs\GIT\application\tests\controllers\Welcome_test.php" line="79" assertions="1" time="0.123036"/>
      <testcase name="test_method_404" class="Welcome_test" file="C:\xampp\htdocs\GIT\application\tests\controllers\Welcome_test.php" line="84" assertions="1" time="0.121694"/>
      <testcase name="test_dashboard" class="Welcome_test" file="C:\xampp\htdocs\GIT\application\tests\controllers\Welcome_test.php" line="90" assertions="1" time="0.134511"/>
    </testsuite>
  </testsuite>
</testsuites>
