<?xml version="1.0" encoding="UTF-8"?>
<testsuites>
  <testsuite name="CodeIgniter Application Test Suite" tests="22" assertions="24" failures="3" errors="1" time="2.718011">
    <testsuite name="Lapangan_test" file="C:\xampp\htdocs\GIT\application\tests\controllers\Lapangan_test.php" fullPackage="Lapangan" tests="9" assertions="9" failures="2" errors="0" time="1.175574">
      <testcase name="test_index" class="Lapangan_test" file="C:\xampp\htdocs\GIT\application\tests\controllers\Lapangan_test.php" line="19" assertions="1" time="0.316058">
        <failure type="PHPUnit_Framework_ExpectationFailedException">Lapangan_test::test_index
Failed asserting that '&lt;!DOCTYPE html&gt;
&lt;html lang="en"&gt;

  &lt;head&gt;

    &lt;meta charset="utf-8"&gt;
    &lt;meta name="viewport" content="width=device-width, initial-scale=1, shrink-to-fit=no"&gt;
    &lt;meta name="description" content="Futsal fasor ITS, tempat untuk menyewa lapangan futsal dengan cepat."&gt;
    &lt;meta name="author" content="Mohamad David | Nur laili | Aisyah paramastri"&gt;

    &lt;title&gt;Futsal Fasor ITS | home&lt;/title&gt;

    &lt;!-- Bootstrap core CSS --&gt;
    &lt;link href="http://localhost/GIT/assets/vendor/bootstrap/css/bootstrap.min.css" rel="stylesheet"&gt;

    &lt;!-- Custom fonts for this template --&gt;
    &lt;link href="http://localhost/GIT/assets/vendor/font-awesome/css/font-awesome.min.css" rel="stylesheet" type="text/css"&gt;
    &lt;link href='https://fonts.googleapis.com/css?family=Lora:400,700,400italic,700italic' rel='stylesheet' type='text/css'&gt;
    &lt;link href='https://fonts.googleapis.com/css?family=Open+Sans:300italic,400italic,600italic,700italic,800italic,400,300,600,700,800' rel='stylesheet' type='text/css'&gt;

    &lt;!-- Custom styles for this template --&gt;
    &lt;link href="http://localhost/GIT/assets/css/clean-blog.min.css" rel="stylesheet"&gt;
    &lt;link href="http://localhost/GIT/assets/css/img.css" rel="stylesheet"&gt;
    &lt;link href="http://localhost/GIT/assets/css/bootstrap.min.css" rel="stylesheet"&gt;
    &lt;link href="http://localhost/GIT/assets/css/bootstrap.css" rel="stylesheet"&gt;
  &lt;/head&gt;

  &lt;body&gt;

    &lt;!-- Navigation --&gt;
    &lt;nav class="navbar navbar-expand-lg navbar-light fixed-top" id="mainNav"&gt;
      &lt;div class="container"&gt;
        &lt;a class="navbar-brand" href="http://localhost/GIT/"&gt;Futsal Fasor&lt;/a&gt;
        &lt;button class="navbar-toggler navbar-toggler-right" type="button" data-toggle="collapse" data-target="#navbarResponsive" aria-controls="navbarResponsive" aria-expanded="false" aria-label="Toggle navigation"&gt;
          Menu
          &lt;i class="fa fa-bars"&gt;&lt;/i&gt;
        &lt;/button&gt;
        &lt;div class="collapse navbar-collapse" id="navbarResponsive"&gt;
          &lt;ul class="navbar-nav ml-auto"&gt;
            &lt;li class="nav-item"&gt;
              &lt;a class="nav-link" href="http://localhost/GIT/lapangan/home"&gt;Home&lt;/a&gt;
            &lt;/li&gt;
            &lt;li class="nav-item"&gt;
              &lt;a class="nav-link" href="http://localhost/GIT/lapangan/sewajadwal"&gt;Sewa Jadwal&lt;/a&gt;
            &lt;/li&gt;
            &lt;li class="nav-item dropdown"&gt;
            &lt;a href="http://localhost/GIT/lapangan/login"&gt;Login&lt;/a&gt;            &lt;/li&gt;         
          &lt;/ul&gt;
        &lt;/div&gt;
      &lt;/div&gt;
    &lt;/nav&gt;
    &lt;!-- Page Header --&gt;
    &lt;header class="masthead" style="background-image: url('http://localhost/GIT/assets/img/futsal wall.png')"&gt;
      &lt;div class="container"&gt;
        &lt;div class="row"&gt;
          &lt;div class="col-lg-8 col-md-10 mx-auto"&gt;
            &lt;div class="site-heading"&gt;
              &lt;h1&gt;Futsal Fasor ITS&lt;/h1&gt;
              &lt;span class="subheading"&gt;Fasilitas futsal dengan berbagai macam jenis lapangan&lt;/span&gt;
            &lt;/div&gt;
          &lt;/div&gt;
        &lt;/div&gt;
      &lt;/div&gt;
    &lt;/header&gt;
&lt;div class="container"&gt;
  &lt;div class="row"&gt;
    &lt;h6&gt;Lapangan&lt;/h6&gt;
          &lt;div class="col-md-4"&gt;
        &lt;div class="card" style="width: 20rem;"&gt;
          &lt;img class="card-img-top" src="http://localhost/GIT/./assets/lapangan/image/2015-11-30_07_53_10_11.jpg" alt="Card image cap"&gt;
          &lt;div class="card-body"&gt;
          &lt;h4 class="card-title"&gt;Lapangan A&lt;/h4&gt;
          &lt;p class="card-text"&gt;Tarif Mahasiswa: 80000&lt;/p&gt;
          &lt;p class="card-text"&gt;Tarif Non ITS: 100000&lt;/p&gt;
          &lt;a href="http://localhost/GIT/lapangan/detail/1004" class="btn btn-primary"&gt;Detail&lt;/a&gt;
          &lt;/div&gt;
        &lt;/div&gt;      
      &lt;/div&gt;
      &lt;/div&gt;
&lt;/div&gt;    &lt;footer&gt;
      &lt;div class="container"&gt;
        &lt;div class="row"&gt;
          &lt;div class="col-lg-8 col-md-10 mx-auto"&gt;
            &lt;ul class="list-inline text-center"&gt;
              &lt;li class="list-inline-item"&gt;
                &lt;a href="#"&gt;
                  &lt;span class="fa-stack fa-lg"&gt;
                    &lt;i class="fa fa-circle fa-stack-2x"&gt;&lt;/i&gt;
                    &lt;i class="fa fa-twitter fa-stack-1x fa-inverse"&gt;&lt;/i&gt;
                  &lt;/span&gt;
                &lt;/a&gt;
              &lt;/li&gt;
              &lt;li class="list-inline-item"&gt;
                &lt;a href="#"&gt;
                  &lt;span class="fa-stack fa-lg"&gt;
                    &lt;i class="fa fa-circle fa-stack-2x"&gt;&lt;/i&gt;
                    &lt;i class="fa fa-facebook fa-stack-1x fa-inverse"&gt;&lt;/i&gt;
                  &lt;/span&gt;
                &lt;/a&gt;
              &lt;/li&gt;
              &lt;li class="list-inline-item"&gt;
                &lt;a href="#"&gt;
                  &lt;span class="fa-stack fa-lg"&gt;
                    &lt;i class="fa fa-circle fa-stack-2x"&gt;&lt;/i&gt;
                    &lt;i class="fa fa-github fa-stack-1x fa-inverse"&gt;&lt;/i&gt;
                  &lt;/span&gt;
                &lt;/a&gt;
              &lt;/li&gt;
            &lt;/ul&gt;
            &lt;p class="copyright text-muted"&gt;Copyright &amp;copy; laili ara david&lt;/p&gt;
          &lt;/div&gt;
        &lt;/div&gt;
      &lt;/div&gt;
    &lt;/footer&gt;

    &lt;!-- Bootstrap core JavaScript --&gt;
    &lt;script src="http://localhost/GIT/assets/vendor/jquery/jquery.min.js"&gt;&lt;/script&gt;
    &lt;script src="http://localhost/GIT/assets/vendor/popper/popper.min.js"&gt;&lt;/script&gt;
    &lt;script src="http://localhost/GIT/assets/vendor/bootstrap/js/bootstrap.min.js"&gt;&lt;/script&gt;

    &lt;!-- Custom scripts for this template --&gt;
    &lt;script src="http://localhost/GIT/assets/js/clean-blog.min.js"&gt;&lt;/script&gt;
  &lt;/body&gt;

&lt;/html&gt;
' contains "&lt;h1&gt;PANEL ADMIN FUTSAL FASOR ITS&lt;/h1&gt;".

C:\xampp\htdocs\GIT\application\tests\controllers\Lapangan_test.php:22
</failure>
      </testcase>
      <testcase name="test_home" class="Lapangan_test" file="C:\xampp\htdocs\GIT\application\tests\controllers\Lapangan_test.php" line="25" assertions="1" time="0.061291">
        <failure type="PHPUnit_Framework_ExpectationFailedException">Lapangan_test::test_home
Failed asserting that 'Lapangan/home is not found' contains "&lt;h6&gt;Lapangan&lt;/h6&gt;".

C:\xampp\htdocs\GIT\application\tests\controllers\Lapangan_test.php:27
</failure>
      </testcase>
      <testcase name="test_ceklogin" class="Lapangan_test" file="C:\xampp\htdocs\GIT\application\tests\controllers\Lapangan_test.php" line="30" assertions="1" time="0.275264"/>
      <testcase name="test_ceklogin_admin_not_login" class="Lapangan_test" file="C:\xampp\htdocs\GIT\application\tests\controllers\Lapangan_test.php" line="40" assertions="1" time="0.100040"/>
      <testcase name="test_login" class="Lapangan_test" file="C:\xampp\htdocs\GIT\application\tests\controllers\Lapangan_test.php" line="45" assertions="1" time="0.100466"/>
      <testcase name="test_dahboard" class="Lapangan_test" file="C:\xampp\htdocs\GIT\application\tests\controllers\Lapangan_test.php" line="56" assertions="1" time="0.089270"/>
      <testcase name="test_datapenyewaan" class="Lapangan_test" file="C:\xampp\htdocs\GIT\application\tests\controllers\Lapangan_test.php" line="61" assertions="1" time="0.074291"/>
      <testcase name="test_method_404" class="Lapangan_test" file="C:\xampp\htdocs\GIT\application\tests\controllers\Lapangan_test.php" line="66" assertions="1" time="0.083647"/>
      <testcase name="test_dashboard" class="Lapangan_test" file="C:\xampp\htdocs\GIT\application\tests\controllers\Lapangan_test.php" line="72" assertions="1" time="0.075247"/>
    </testsuite>
    <testsuite name="Welcome_test" file="C:\xampp\htdocs\GIT\application\tests\controllers\Welcome_test.php" fullPackage="Welcome" tests="13" assertions="15" failures="1" errors="1" time="1.542438">
      <testcase name="test_index" class="Welcome_test" file="C:\xampp\htdocs\GIT\application\tests\controllers\Welcome_test.php" line="19" assertions="1" time="0.081057"/>
      <testcase name="test_ceklogin" class="Welcome_test" file="C:\xampp\htdocs\GIT\application\tests\controllers\Welcome_test.php" line="25" assertions="1" time="0.119448"/>
      <testcase name="test_ceklogin_admin_not_login" class="Welcome_test" file="C:\xampp\htdocs\GIT\application\tests\controllers\Welcome_test.php" line="35" assertions="1" time="0.104303"/>
      <testcase name="test_login" class="Welcome_test" file="C:\xampp\htdocs\GIT\application\tests\controllers\Welcome_test.php" line="40" assertions="1" time="0.173807"/>
      <testcase name="test_logout" class="Welcome_test" file="C:\xampp\htdocs\GIT\application\tests\controllers\Welcome_test.php" line="45" assertions="2" time="0.167020"/>
      <testcase name="test_inputlapangan" class="Welcome_test" file="C:\xampp\htdocs\GIT\application\tests\controllers\Welcome_test.php" line="57" assertions="2" time="0.159562"/>
      <testcase name="test_dahboard" class="Welcome_test" file="C:\xampp\htdocs\GIT\application\tests\controllers\Welcome_test.php" line="69" assertions="1" time="0.078341"/>
      <testcase name="test_datapenyewaan" class="Welcome_test" file="C:\xampp\htdocs\GIT\application\tests\controllers\Welcome_test.php" line="74" assertions="1" time="0.085623"/>
      <testcase name="test_tambahlapangan" class="Welcome_test" file="C:\xampp\htdocs\GIT\application\tests\controllers\Welcome_test.php" line="79" assertions="1" time="0.130130">
        <failure type="PHPUnit_Framework_ExpectationFailedException">Welcome_test::test_tambahlapangan
Failed asserting that 'Array
(
    [error] =&gt; &lt;p&gt;You did not select a file to upload.&lt;/p&gt;
)
1' contains "&lt;th&gt;NO&lt;/th&gt;".

C:\xampp\htdocs\GIT\application\tests\controllers\Welcome_test.php:81
</failure>
      </testcase>
      <testcase name="test_editData" class="Welcome_test" file="C:\xampp\htdocs\GIT\application\tests\controllers\Welcome_test.php" line="84" assertions="1" time="0.108883"/>
      <testcase name="test_datalapangan" class="Welcome_test" file="C:\xampp\htdocs\GIT\application\tests\controllers\Welcome_test.php" line="89" assertions="2" time="0.127598"/>
      <testcase name="test_not_datalapangan" class="Welcome_test" file="C:\xampp\htdocs\GIT\application\tests\controllers\Welcome_test.php" line="101" assertions="0" time="0.099615">
        <error type="PHPUnit_Framework_Exception">Welcome_test::test_not_datalapangan
PHPUnit_Framework_Exception: Argument #2 of PHPUnit_Framework_Assert::assertContains() must be a array, iterator or string

C:\xampp\htdocs\GIT\application\tests\controllers\Welcome_test.php:103
</error>
      </testcase>
      <testcase name="test_deleteData" class="Welcome_test" file="C:\xampp\htdocs\GIT\application\tests\controllers\Welcome_test.php" line="106" assertions="1" time="0.107051"/>
    </testsuite>
  </testsuite>
</testsuites>
