<?xml version="1.0" encoding="UTF-8"?>
<testsuites>
  <testsuite name="CodeIgniter Application Test Suite" tests="39" assertions="38" failures="1" errors="2" time="4.320708">
    <testsuite name="Lapangan_test" file="C:\xampp\htdocs\GIT\application\tests\controllers\Lapangan_test.php" fullPackage="Lapangan" tests="16" assertions="21" failures="1" errors="2" time="1.845260">
      <testcase name="test_index" class="Lapangan_test" file="C:\xampp\htdocs\GIT\application\tests\controllers\Lapangan_test.php" line="21" assertions="3" time="0.143962"/>
      <testcase name="test_sewajadwal" class="Lapangan_test" file="C:\xampp\htdocs\GIT\application\tests\controllers\Lapangan_test.php" line="29" assertions="0" time="0.063300"/>
      <testcase name="test_sewajadwal_gagal" class="Lapangan_test" file="C:\xampp\htdocs\GIT\application\tests\controllers\Lapangan_test.php" line="37" assertions="1" time="0.082201"/>
      <testcase name="test_detail" class="Lapangan_test" file="C:\xampp\htdocs\GIT\application\tests\controllers\Lapangan_test.php" line="43" assertions="3" time="0.081889"/>
      <testcase name="test_inputsewa" class="Lapangan_test" file="C:\xampp\htdocs\GIT\application\tests\controllers\Lapangan_test.php" line="49" assertions="3" time="0.074769"/>
      <testcase name="test_inputsewa_gagal" class="Lapangan_test" file="C:\xampp\htdocs\GIT\application\tests\controllers\Lapangan_test.php" line="57" assertions="1" time="0.055280"/>
      <testcase name="test_signup" class="Lapangan_test" file="C:\xampp\htdocs\GIT\application\tests\controllers\Lapangan_test.php" line="64" assertions="1" time="0.064361"/>
      <testcase name="test_ceklogin" class="Lapangan_test" file="C:\xampp\htdocs\GIT\application\tests\controllers\Lapangan_test.php" line="92" assertions="1" time="0.508366"/>
      <testcase name="test_login_sukses" class="Lapangan_test" file="C:\xampp\htdocs\GIT\application\tests\controllers\Lapangan_test.php" line="102" assertions="0" time="0.049896"/>
      <testcase name="test_login_gagal" class="Lapangan_test" file="C:\xampp\htdocs\GIT\application\tests\controllers\Lapangan_test.php" line="107" assertions="3" time="0.069644"/>
      <testcase name="test_login_gagal_password" class="Lapangan_test" file="C:\xampp\htdocs\GIT\application\tests\controllers\Lapangan_test.php" line="116" assertions="1" time="0.112864"/>
      <testcase name="test_login_gagal_username" class="Lapangan_test" file="C:\xampp\htdocs\GIT\application\tests\controllers\Lapangan_test.php" line="126" assertions="1" time="0.050347"/>
      <testcase name="test_tambah_user_gagal" class="Lapangan_test" file="C:\xampp\htdocs\GIT\application\tests\controllers\Lapangan_test.php" line="136" assertions="1" time="0.149240">
        <failure type="PHPUnit_Framework_ExpectationFailedException">Lapangan_test::test_tambah_user_gagal
URL to redirect is not Redirect to http://localhost/GIT/lapangan/tambah_user but Redirect to http://localhost/GIT/lapangan/signup.
Failed asserting that two strings are identical.
--- Expected
+++ Actual
@@ @@
-Redirect to http://localhost/GIT/lapangan/tambah_user
+Redirect to http://localhost/GIT/lapangan/signup

C:\xampp\htdocs\GIT\application\tests\_ci_phpunit_test\CIPHPUnitTestCase.php:427
C:\xampp\htdocs\GIT\application\tests\controllers\Lapangan_test.php:147
</failure>
      </testcase>
      <testcase name="test_tambah_user_berhasil" class="Lapangan_test" file="C:\xampp\htdocs\GIT\application\tests\controllers\Lapangan_test.php" line="150" assertions="0" time="0.197850">
        <error type="LogicException">Lapangan_test::test_tambah_user_berhasil
LogicException: No such property: load

C:\xampp\htdocs\GIT\application\tests\_ci_phpunit_test\CIPHPUnitTestCase.php:58
C:\xampp\htdocs\GIT\application\tests\controllers\Lapangan_test.php:158
</error>
      </testcase>
      <testcase name="test_APPPATH" class="Lapangan_test" file="C:\xampp\htdocs\GIT\application\tests\controllers\Lapangan_test.php" line="174" assertions="1" time="0.024264"/>
      <testcase name="test_logout" class="Lapangan_test" file="C:\xampp\htdocs\GIT\application\tests\controllers\Lapangan_test.php" line="185" assertions="1" time="0.117027">
        <error type="LogicException">Lapangan_test::test_logout
LogicException: No such property: load

C:\xampp\htdocs\GIT\application\tests\_ci_phpunit_test\CIPHPUnitTestCase.php:58
C:\xampp\htdocs\GIT\application\tests\controllers\Lapangan_test.php:196
</error>
      </testcase>
    </testsuite>
    <testsuite name="Welcome_test" file="C:\xampp\htdocs\GIT\application\tests\controllers\Welcome_test.php" fullPackage="Welcome" tests="23" assertions="17" failures="0" errors="0" time="2.475448">
      <testcase name="test_index" class="Welcome_test" file="C:\xampp\htdocs\GIT\application\tests\controllers\Welcome_test.php" line="11" assertions="0" time="0.083570"/>
      <testcase name="test_ceklogin" class="Welcome_test" file="C:\xampp\htdocs\GIT\application\tests\controllers\Welcome_test.php" line="17" assertions="1" time="0.102852"/>
      <testcase name="test_ceklogin_admin_not_login_kosongsemua" class="Welcome_test" file="C:\xampp\htdocs\GIT\application\tests\controllers\Welcome_test.php" line="27" assertions="1" time="0.091722"/>
      <testcase name="test_ceklogin_admin_not_login_nopassword" class="Welcome_test" file="C:\xampp\htdocs\GIT\application\tests\controllers\Welcome_test.php" line="37" assertions="1" time="0.094063"/>
      <testcase name="test_ceklogin_admin_not_login_nousername" class="Welcome_test" file="C:\xampp\htdocs\GIT\application\tests\controllers\Welcome_test.php" line="47" assertions="1" time="0.079562"/>
      <testcase name="test_ceklogin_admin_not_login_unmatch" class="Welcome_test" file="C:\xampp\htdocs\GIT\application\tests\controllers\Welcome_test.php" line="57" assertions="1" time="0.086631"/>
      <testcase name="test_login" class="Welcome_test" file="C:\xampp\htdocs\GIT\application\tests\controllers\Welcome_test.php" line="67" assertions="1" time="0.135371"/>
      <testcase name="test_logout" class="Welcome_test" file="C:\xampp\htdocs\GIT\application\tests\controllers\Welcome_test.php" line="79" assertions="2" time="0.136166"/>
      <testcase name="test_inputlapangan" class="Welcome_test" file="C:\xampp\htdocs\GIT\application\tests\controllers\Welcome_test.php" line="91" assertions="1" time="0.145592"/>
      <testcase name="test_no_inputlapangan" class="Welcome_test" file="C:\xampp\htdocs\GIT\application\tests\controllers\Welcome_test.php" line="103" assertions="0" time="0.080637"/>
      <testcase name="test_dahboard" class="Welcome_test" file="C:\xampp\htdocs\GIT\application\tests\controllers\Welcome_test.php" line="108" assertions="1" time="0.137597"/>
      <testcase name="test_datapenyewaan" class="Welcome_test" file="C:\xampp\htdocs\GIT\application\tests\controllers\Welcome_test.php" line="120" assertions="1" time="0.135321"/>
      <testcase name="test_tambahlapangan" class="Welcome_test" file="C:\xampp\htdocs\GIT\application\tests\controllers\Welcome_test.php" line="132" assertions="0" time="0.075649"/>
      <testcase name="test_tambahlapangan_success" class="Welcome_test" file="C:\xampp\htdocs\GIT\application\tests\controllers\Welcome_test.php" line="137" assertions="1" time="0.136381"/>
      <testcase name="test_editData" class="Welcome_test" file="C:\xampp\htdocs\GIT\application\tests\controllers\Welcome_test.php" line="149" assertions="1" time="0.125510"/>
      <testcase name="test_datalapangan" class="Welcome_test" file="C:\xampp\htdocs\GIT\application\tests\controllers\Welcome_test.php" line="161" assertions="1" time="0.135805"/>
      <testcase name="test_not_datalapangan" class="Welcome_test" file="C:\xampp\htdocs\GIT\application\tests\controllers\Welcome_test.php" line="173" assertions="0" time="0.070365"/>
      <testcase name="test_deleteData" class="Welcome_test" file="C:\xampp\htdocs\GIT\application\tests\controllers\Welcome_test.php" line="178" assertions="1" time="0.140922"/>
      <testcase name="test_deleteDataLapangan" class="Welcome_test" file="C:\xampp\htdocs\GIT\application\tests\controllers\Welcome_test.php" line="189" assertions="0" time="0.070632"/>
      <testcase name="test_validasi" class="Welcome_test" file="C:\xampp\htdocs\GIT\application\tests\controllers\Welcome_test.php" line="193" assertions="1" time="0.131316"/>
      <testcase name="test_no_validasi" class="Welcome_test" file="C:\xampp\htdocs\GIT\application\tests\controllers\Welcome_test.php" line="204" assertions="0" time="0.078122"/>
      <testcase name="test_do_editData" class="Welcome_test" file="C:\xampp\htdocs\GIT\application\tests\controllers\Welcome_test.php" line="209" assertions="1" time="0.116321"/>
      <testcase name="test_do_editData_failed" class="Welcome_test" file="C:\xampp\htdocs\GIT\application\tests\controllers\Welcome_test.php" line="221" assertions="0" time="0.085342"/>
    </testsuite>
  </testsuite>
</testsuites>
